<?xml version="1.0" encoding="UTF-8"?>
<TestRun id="c0e8d224-c1e5-46d8-8740-ac564aa1f907" name="HannesSaariste@UPTIME08658 2019-05-29 12:28:22" runUser="AzureAD\HannesSaariste" xmlns="http://microsoft.com/schemas/VisualStudio/TeamTest/2010">
  <TestSettings name="Local" id="82f58698-f45c-4a91-a385-93496e26ddf6">
    <Description>These are default test settings for a local test run.</Description>
    <Deployment runDeploymentRoot="HannesSaariste_UPTIME08658 2019-05-29 12_28_22">
      <DeploymentItem filename="C:\Users\HannesSaariste\source\repos\AP_Article_Web_Test\packages\Newtonsoft.Json.12.0.2\lib\net45\Newtonsoft.Json.dll" />
    </Deployment>
    <Execution hostProcessPlatform="MSIL">
      <TestTypeSpecific />
      <AgentRule name="Execution Agents">
      </AgentRule>
    </Execution>
    <Properties>
      <Property name="TestSettingsUIType" value="UnitTest" />
    </Properties>
  </TestSettings>
  <Times creation="2019-05-29T12:28:22.6328861+03:00" queuing="2019-05-29T12:28:22.9019749+03:00" start="2019-05-29T12:28:22.9508477+03:00" finish="2019-05-29T12:28:44.2092362+03:00" />
  <ResultSummary outcome="Failed">
    <Counters total="1" executed="1" error="0" failed="1" timeout="0" aborted="0" inconclusive="0" passedButRunAborted="0" notRunnable="0" notExecuted="0" disconnected="0" warning="0" passed="0" completed="0" inProgress="0" pending="0" />
  </ResultSummary>
  <TestDefinitions>
    <WebTest name="AAArticleViewAndLoginTest Wpopulaarsedtest" storage="c:\users\hannessaariste\source\repos\ap_article_web_test\ap_article_web_test\aaarticleviewandlogintest wpopulaarsedtest.webtest" id="be3755a5-d592-4f89-a0ca-1817fa5ffeda" persistedWebTest="77u/PD94bWwgdmVyc2lvbj0iMS4wIiBlbmNvZGluZz0iVVRGLTgiIHN0YW5kYWxvbmU9InllcyI/Pg0KPFdlYlRlc3QgTmFtZT0iQUFBcnRpY2xlVmlld0FuZExvZ2luVGVzdCBXcG9wdWxhYXJzZWR0ZXN0IiBJZD0iYmUzNzU1YTUtZDU5Mi00Zjg5LWEwY2EtMTgxN2ZhNWZmZWRhIiBPd25lcj0iIiBQcmlvcml0eT0iMjE0NzQ4MzY0NyIgRW5hYmxlZD0iVHJ1ZSIgQ3NzUHJvamVjdFN0cnVjdHVyZT0iIiBDc3NJdGVyYXRpb249IiIgVGltZW91dD0iMCIgV29ya0l0ZW1JZHM9IiIgeG1sbnM9Imh0dHA6Ly9taWNyb3NvZnQuY29tL3NjaGVtYXMvVmlzdWFsU3R1ZGlvL1RlYW1UZXN0LzIwMTAiIERlc2NyaXB0aW9uPSIiIENyZWRlbnRpYWxVc2VyTmFtZT0iIiBDcmVkZW50aWFsUGFzc3dvcmQ9IiIgUHJlQXV0aGVudGljYXRlPSJUcnVlIiBQcm94eT0iZGVmYXVsdCIgU3RvcE9uRXJyb3I9IkZhbHNlIiBSZWNvcmRlZFJlc3VsdEZpbGU9IkFydGljbGVWaWV3QW5kTG9naW5UZXN0LmEyN2EyNTI0LTY4NmItNGUwYS1hZDE2LTU2NTY5YzFjNzdjYS5yZWMud2VidGVzdHJlc3VsdCIgUmVzdWx0c0xvY2FsZT0iIj4NCiAgPEl0ZW1zPg0KICAgIDxSZXF1ZXN0IE1ldGhvZD0iR0VUIiBHdWlkPSI1YmIwZjBmNy0yZDRjLTRlZjYtYWFiNi05YjYxYzdmYjc5OTMiIFZlcnNpb249IjEuMSIgVXJsPSJodHRwczovL3d3dy5hcmlwYWV2LmVlLyIgVGhpbmtUaW1lPSIwIiBUaW1lb3V0PSIzMDAiIFBhcnNlRGVwZW5kZW50UmVxdWVzdHM9IlRydWUiIEZvbGxvd1JlZGlyZWN0cz0iVHJ1ZSIgUmVjb3JkUmVzdWx0PSJUcnVlIiBDYWNoZT0iRmFsc2UiIFJlc3BvbnNlVGltZUdvYWw9IjAiIEVuY29kaW5nPSJ1dGYtOCIgRXhwZWN0ZWRIdHRwU3RhdHVzQ29kZT0iMCIgRXhwZWN0ZWRSZXNwb25zZVVybD0iIiBSZXBvcnRpbmdOYW1lPSIiIElnbm9yZUh0dHBTdGF0dXNDb2RlPSJGYWxzZSI+DQogICAgICA8VmFsaWRhdGlvblJ1bGVzPg0KICAgICAgICA8VmFsaWRhdGlvblJ1bGUgQ2xhc3NuYW1lPSJNaWNyb3NvZnQuVmlzdWFsU3R1ZGlvLlRlc3RUb29scy5XZWJUZXN0aW5nLlJ1bGVzLlZhbGlkYXRpb25SdWxlRmluZFRleHQsIE1pY3Jvc29mdC5WaXN1YWxTdHVkaW8uUXVhbGl0eVRvb2xzLldlYlRlc3RGcmFtZXdvcmssIFZlcnNpb249MTAuMC4wLjAsIEN1bHR1cmU9bmV1dHJhbCwgUHVibGljS2V5VG9rZW49YjAzZjVmN2YxMWQ1MGEzYSIgRGlzcGxheU5hbWU9IkZpbmQgVGV4dCIgRGVzY3JpcHRpb249IlZlcmlmaWVzIHRoZSBleGlzdGVuY2Ugb2YgdGhlIHNwZWNpZmllZCB0ZXh0IGluIHRoZSByZXNwb25zZS4iIExldmVsPSJIaWdoIiBFeGVjdHVpb25PcmRlcj0iQmVmb3JlRGVwZW5kZW50cyI+DQogICAgICAgICAgPFJ1bGVQYXJhbWV0ZXJzPg0KICAgICAgICAgICAgPFJ1bGVQYXJhbWV0ZXIgTmFtZT0iRmluZFRleHQiIFZhbHVlPSJFbmltbG9ldHVkIiAvPg0KICAgICAgICAgICAgPFJ1bGVQYXJhbWV0ZXIgTmFtZT0iSWdub3JlQ2FzZSIgVmFsdWU9IkZhbHNlIiAvPg0KICAgICAgICAgICAgPFJ1bGVQYXJhbWV0ZXIgTmFtZT0iVXNlUmVndWxhckV4cHJlc3Npb24iIFZhbHVlPSJGYWxzZSIgLz4NCiAgICAgICAgICAgIDxSdWxlUGFyYW1ldGVyIE5hbWU9IlBhc3NJZlRleHRGb3VuZCIgVmFsdWU9IlRydWUiIC8+DQogICAgICAgICAgPC9SdWxlUGFyYW1ldGVycz4NCiAgICAgICAgPC9WYWxpZGF0aW9uUnVsZT4NCiAgICAgIDwvVmFsaWRhdGlvblJ1bGVzPg0KICAgIDwvUmVxdWVzdD4NCiAgICA8UmVxdWVzdCBNZXRob2Q9IkdFVCIgR3VpZD0iNWJiMGYwZjctMmQ0Yy00ZWY2LWFhYjYtOWI2MWM3ZmI3OTkzIiBWZXJzaW9uPSIxLjEiIFVybD0iaHR0cHM6Ly9saXN0YXBpLmFyaXBhZXYuZWUvdjEvbW9zdC12aWV3ZWQiIFRoaW5rVGltZT0iMCIgVGltZW91dD0iMzAwIiBQYXJzZURlcGVuZGVudFJlcXVlc3RzPSJUcnVlIiBGb2xsb3dSZWRpcmVjdHM9IlRydWUiIFJlY29yZFJlc3VsdD0iVHJ1ZSIgQ2FjaGU9IkZhbHNlIiBSZXNwb25zZVRpbWVHb2FsPSIwIiBFbmNvZGluZz0idXRmLTgiIEV4cGVjdGVkSHR0cFN0YXR1c0NvZGU9IjAiIEV4cGVjdGVkUmVzcG9uc2VVcmw9IiIgUmVwb3J0aW5nTmFtZT0iIiBJZ25vcmVIdHRwU3RhdHVzQ29kZT0iRmFsc2UiPg0KICAgICAgPEhlYWRlcnM+DQogICAgICAgIDxIZWFkZXIgTmFtZT0iWC1DaGFubmVsLUlkIiBWYWx1ZT0iYXJpcGFldiIgLz4NCiAgICAgIDwvSGVhZGVycz4NCiAgICAgIDxWYWxpZGF0aW9uUnVsZXM+DQogICAgICAgIDxWYWxpZGF0aW9uUnVsZSBDbGFzc25hbWU9Ik1pY3Jvc29mdC5WaXN1YWxTdHVkaW8uVGVzdFRvb2xzLldlYlRlc3RpbmcuUnVsZXMuVmFsaWRhdGlvblJ1bGVGaW5kVGV4dCwgTWljcm9zb2Z0LlZpc3VhbFN0dWRpby5RdWFsaXR5VG9vbHMuV2ViVGVzdEZyYW1ld29yaywgVmVyc2lvbj0xMC4wLjAuMCwgQ3VsdHVyZT1uZXV0cmFsLCBQdWJsaWNLZXlUb2tlbj1iMDNmNWY3ZjExZDUwYTNhIiBEaXNwbGF5TmFtZT0iRmluZCBUZXh0IiBEZXNjcmlwdGlvbj0iVmVyaWZpZXMgdGhlIGV4aXN0ZW5jZSBvZiB0aGUgc3BlY2lmaWVkIHRleHQgaW4gdGhlIHJlc3BvbnNlLiIgTGV2ZWw9IkhpZ2giIEV4ZWN0dWlvbk9yZGVyPSJCZWZvcmVEZXBlbmRlbnRzIj4NCiAgICAgICAgICA8UnVsZVBhcmFtZXRlcnM+DQogICAgICAgICAgICA8UnVsZVBhcmFtZXRlciBOYW1lPSJGaW5kVGV4dCIgVmFsdWU9InV1aWQiIC8+DQogICAgICAgICAgICA8UnVsZVBhcmFtZXRlciBOYW1lPSJJZ25vcmVDYXNlIiBWYWx1ZT0iRmFsc2UiIC8+DQogICAgICAgICAgICA8UnVsZVBhcmFtZXRlciBOYW1lPSJVc2VSZWd1bGFyRXhwcmVzc2lvbiIgVmFsdWU9IkZhbHNlIiAvPg0KICAgICAgICAgICAgPFJ1bGVQYXJhbWV0ZXIgTmFtZT0iUGFzc0lmVGV4dEZvdW5kIiBWYWx1ZT0iVHJ1ZSIgLz4NCiAgICAgICAgICA8L1J1bGVQYXJhbWV0ZXJzPg0KICAgICAgICA8L1ZhbGlkYXRpb25SdWxlPg0KICAgICAgPC9WYWxpZGF0aW9uUnVsZXM+DQogICAgICA8UXVlcnlTdHJpbmdQYXJhbWV0ZXJzPg0KICAgICAgICA8UXVlcnlTdHJpbmdQYXJhbWV0ZXIgTmFtZT0icGVyaW9kIiBWYWx1ZT0iMV9kYXkiIFJlY29yZGVkVmFsdWU9IiIgQ29ycmVsYXRpb25CaW5kaW5nPSIiIFVybEVuY29kZT0iRmFsc2UiIFVzZVRvR3JvdXBSZXN1bHRzPSJGYWxzZSIgLz4NCiAgICAgIDwvUXVlcnlTdHJpbmdQYXJhbWV0ZXJzPg0KICAgIDwvUmVxdWVzdD4NCiAgICA8UmVxdWVzdCBNZXRob2Q9IkdFVCIgR3VpZD0iOWZmODFiNjItYjQ2Mi00OGJlLTlkMGEtNGUzYmY5MDNkNzlmIiBWZXJzaW9uPSIxLjEiIFVybD0iaHR0cHM6Ly93d3cuYXJpcGFldi5lZS9ib3JzaXV1ZGlzZWQvMjAxOS8wNS8xMy9oaWluYS12YXN0dXRvbGxpZC1zdXJ1c2lkLXVzYS1ib3JzaS1wb2x2aWxpIiBUaGlua1RpbWU9IjAiIFRpbWVvdXQ9IjMwMCIgUGFyc2VEZXBlbmRlbnRSZXF1ZXN0cz0iVHJ1ZSIgRm9sbG93UmVkaXJlY3RzPSJUcnVlIiBSZWNvcmRSZXN1bHQ9IlRydWUiIENhY2hlPSJGYWxzZSIgUmVzcG9uc2VUaW1lR29hbD0iMCIgRW5jb2Rpbmc9InV0Zi04IiBFeHBlY3RlZEh0dHBTdGF0dXNDb2RlPSIwIiBFeHBlY3RlZFJlc3BvbnNlVXJsPSIiIFJlcG9ydGluZ05hbWU9IiIgSWdub3JlSHR0cFN0YXR1c0NvZGU9IkZhbHNlIj4NCiAgICAgIDxWYWxpZGF0aW9uUnVsZXM+DQogICAgICAgIDxWYWxpZGF0aW9uUnVsZSBDbGFzc25hbWU9Ik1pY3Jvc29mdC5WaXN1YWxTdHVkaW8uVGVzdFRvb2xzLldlYlRlc3RpbmcuUnVsZXMuVmFsaWRhdGlvblJ1bGVGaW5kVGV4dCwgTWljcm9zb2Z0LlZpc3VhbFN0dWRpby5RdWFsaXR5VG9vbHMuV2ViVGVzdEZyYW1ld29yaywgVmVyc2lvbj0xMC4wLjAuMCwgQ3VsdHVyZT1uZXV0cmFsLCBQdWJsaWNLZXlUb2tlbj1iMDNmNWY3ZjExZDUwYTNhIiBEaXNwbGF5TmFtZT0iRmluZCBUZXh0IiBEZXNjcmlwdGlvbj0iVmVyaWZpZXMgdGhlIGV4aXN0ZW5jZSBvZiB0aGUgc3BlY2lmaWVkIHRleHQgaW4gdGhlIHJlc3BvbnNlLiIgTGV2ZWw9IkhpZ2giIEV4ZWN0dWlvbk9yZGVyPSJCZWZvcmVEZXBlbmRlbnRzIj4NCiAgICAgICAgICA8UnVsZVBhcmFtZXRlcnM+DQogICAgICAgICAgICA8UnVsZVBhcmFtZXRlciBOYW1lPSJGaW5kVGV4dCIgVmFsdWU9IsOEcmlww6RldmEgdGVsbGlqYWwgb24gbGlnaXDDpMOkczoiIC8+DQogICAgICAgICAgICA8UnVsZVBhcmFtZXRlciBOYW1lPSJJZ25vcmVDYXNlIiBWYWx1ZT0iRmFsc2UiIC8+DQogICAgICAgICAgICA8UnVsZVBhcmFtZXRlciBOYW1lPSJVc2VSZWd1bGFyRXhwcmVzc2lvbiIgVmFsdWU9IkZhbHNlIiAvPg0KICAgICAgICAgICAgPFJ1bGVQYXJhbWV0ZXIgTmFtZT0iUGFzc0lmVGV4dEZvdW5kIiBWYWx1ZT0iVHJ1ZSIgLz4NCiAgICAgICAgICA8L1J1bGVQYXJhbWV0ZXJzPg0KICAgICAgICA8L1ZhbGlkYXRpb25SdWxlPg0KICAgICAgPC9WYWxpZGF0aW9uUnVsZXM+DQogICAgPC9SZXF1ZXN0Pg0KICAgIDxSZXF1ZXN0IE1ldGhvZD0iR0VUIiBHdWlkPSJjOWNkNGU1Ni01Yzc1LTRjYzAtOGU0Yi1iMWUzNzExZTEwYWEiIFZlcnNpb249IjEuMSIgVXJsPSJodHRwczovL2xvZ2luLmFyaXBhZXYuZWUvT0F1dGgvQXV0aG9yaXplIiBUaGlua1RpbWU9IjAiIFRpbWVvdXQ9IjMwMCIgUGFyc2VEZXBlbmRlbnRSZXF1ZXN0cz0iVHJ1ZSIgRm9sbG93UmVkaXJlY3RzPSJUcnVlIiBSZWNvcmRSZXN1bHQ9IlRydWUiIENhY2hlPSJGYWxzZSIgUmVzcG9uc2VUaW1lR29hbD0iMCIgRW5jb2Rpbmc9InV0Zi04IiBFeHBlY3RlZEh0dHBTdGF0dXNDb2RlPSIwIiBFeHBlY3RlZFJlc3BvbnNlVXJsPSJodHRwczovL2xvZ2luLmFyaXBhZXYuZWUvQWNjb3VudC9Mb2dpbj9SZXR1cm5Vcmw9JTJmT0F1dGglMmZBdXRob3JpemUlM2ZjbGllbnRfaWQlM2RhcmlwYWV2JTI2cmVzcG9uc2VfdHlwZSUzZGNvZGUlMjZzY29wZSUzZCUyNTJGVXNlckRhdGFTZXJ2aWNlJTI1MkZqc29uJTI1MkZQcm9maWxlJTI1MjAlMjUyRlVzZXJEYXRhU2VydmljZSUyNTJGanNvbiUyNTJGUGVybWlzc2lvbnMlMjUyMCUyNTJGVXNlckRhdGFTZXJ2aWNlJTI1MkZqc29uJTI1MkZPcmRlcnMlMjZyZWRpcmVjdF91cmklM2RodHRwcyUyNTNBJTI1MkYlMjUyRmFjY2Vzc2FwaS5hcmlwYWV2LmVlJTI1MkZ2MiUyNTJGbG9naW4lMjUyRmFyaXBhZXYlMjUzRnJlZGlyZWN0X3VyaSUyNTNEaHR0cHMlMjUyNTNBJTI1MjUyRiUyNTI1MkZ3d3cuYXJpcGFldi5lZSUyNTI1MkZib3JzaXV1ZGlzZWQlMjUyNTJGMjAxOSUyNTI1MkYwNSUyNTI1MkYxMyUyNTI1MkZoaWluYS12YXN0dXRvbGxpZC1zdXJ1c2lkLXVzYS1ib3JzaS1wb2x2aWxpJmFtcDtjbGllbnRfaWQ9YXJpcGFldiZhbXA7cmVzcG9uc2VfdHlwZT1jb2RlJmFtcDtzY29wZT0lMkZVc2VyRGF0YVNlcnZpY2UlMkZqc29uJTJGUHJvZmlsZSUyMCUyRlVzZXJEYXRhU2VydmljZSUyRmpzb24lMkZQZXJtaXNzaW9ucyUyMCUyRlVzZXJEYXRhU2VydmljZSUyRmpzb24lMkZPcmRlcnMmYW1wO3JlZGlyZWN0X3VyaT1odHRwcyUzQSUyRiUyRmFjY2Vzc2FwaS5hcmlwYWV2LmVlJTJGdjIlMkZsb2dpbiUyRmFyaXBhZXYlM0ZyZWRpcmVjdF91cmklM0RodHRwcyUyNTNBJTI1MkYlMjUyRnd3dy5hcmlwYWV2LmVlJTI1MkZib3JzaXV1ZGlzZWQlMjUyRjIwMTklMjUyRjA1JTI1MkYxMyUyNTJGaGlpbmEtdmFzdHV0b2xsaWQtc3VydXNpZC11c2EtYm9yc2ktcG9sdmlsaSIgUmVwb3J0aW5nTmFtZT0iIiBJZ25vcmVIdHRwU3RhdHVzQ29kZT0iRmFsc2UiPg0KICAgICAgPENvcnJlbGF0aW9uRXh0cmFjdGlvblJ1bGVzPg0KICAgICAgICA8RXh0cmFjdGlvblJ1bGUgQ2xhc3NuYW1lPSJNaWNyb3NvZnQuVmlzdWFsU3R1ZGlvLlRlc3RUb29scy5XZWJUZXN0aW5nLlJ1bGVzLkV4dHJhY3RGb3JtRmllbGQsIE1pY3Jvc29mdC5WaXN1YWxTdHVkaW8uUXVhbGl0eVRvb2xzLldlYlRlc3RGcmFtZXdvcmssIFZlcnNpb249MTAuMC4wLjAsIEN1bHR1cmU9bmV1dHJhbCwgUHVibGljS2V5VG9rZW49YjAzZjVmN2YxMWQ1MGEzYSIgVmFyaWFibGVOYW1lPSJGb3JtUG9zdFBhcmFtMS5SZW1lbWJlck1lIiBEaXNwbGF5TmFtZT0iIiBEZXNjcmlwdGlvbj0iIj4NCiAgICAgICAgICA8UnVsZVBhcmFtZXRlcnM+DQogICAgICAgICAgICA8UnVsZVBhcmFtZXRlciBOYW1lPSJOYW1lIiBWYWx1ZT0iUmVtZW1iZXJNZSIgLz4NCiAgICAgICAgICAgIDxSdWxlUGFyYW1ldGVyIE5hbWU9Ikh0bWxEZWNvZGUiIFZhbHVlPSJUcnVlIiAvPg0KICAgICAgICAgICAgPFJ1bGVQYXJhbWV0ZXIgTmFtZT0iUmVxdWlyZWQiIFZhbHVlPSJGYWxzZSIgLz4NCiAgICAgICAgICAgIDxSdWxlUGFyYW1ldGVyIE5hbWU9IkluZGV4IiBWYWx1ZT0iMCIgLz4NCiAgICAgICAgICA8L1J1bGVQYXJhbWV0ZXJzPg0KICAgICAgICA8L0V4dHJhY3Rpb25SdWxlPg0KICAgICAgICA8RXh0cmFjdGlvblJ1bGUgQ2xhc3NuYW1lPSJNaWNyb3NvZnQuVmlzdWFsU3R1ZGlvLlRlc3RUb29scy5XZWJUZXN0aW5nLlJ1bGVzLkV4dHJhY3RGb3JtRmllbGQsIE1pY3Jvc29mdC5WaXN1YWxTdHVkaW8uUXVhbGl0eVRvb2xzLldlYlRlc3RGcmFtZXdvcmssIFZlcnNpb249MTAuMC4wLjAsIEN1bHR1cmU9bmV1dHJhbCwgUHVibGljS2V5VG9rZW49YjAzZjVmN2YxMWQ1MGEzYSIgVmFyaWFibGVOYW1lPSJGb3JtUG9zdFBhcmFtMi5SZW1lbWJlck1lIiBEaXNwbGF5TmFtZT0iIiBEZXNjcmlwdGlvbj0iIj4NCiAgICAgICAgICA8UnVsZVBhcmFtZXRlcnM+DQogICAgICAgICAgICA8UnVsZVBhcmFtZXRlciBOYW1lPSJOYW1lIiBWYWx1ZT0iUmVtZW1iZXJNZSIgLz4NCiAgICAgICAgICAgIDxSdWxlUGFyYW1ldGVyIE5hbWU9Ikh0bWxEZWNvZGUiIFZhbHVlPSJUcnVlIiAvPg0KICAgICAgICAgICAgPFJ1bGVQYXJhbWV0ZXIgTmFtZT0iUmVxdWlyZWQiIFZhbHVlPSJGYWxzZSIgLz4NCiAgICAgICAgICAgIDxSdWxlUGFyYW1ldGVyIE5hbWU9IkluZGV4IiBWYWx1ZT0iMCIgLz4NCiAgICAgICAgICA8L1J1bGVQYXJhbWV0ZXJzPg0KICAgICAgICA8L0V4dHJhY3Rpb25SdWxlPg0KICAgICAgPC9Db3JyZWxhdGlvbkV4dHJhY3Rpb25SdWxlcz4NCiAgICAgIDxRdWVyeVN0cmluZ1BhcmFtZXRlcnM+DQogICAgICAgIDxRdWVyeVN0cmluZ1BhcmFtZXRlciBOYW1lPSJjbGllbnRfaWQiIFZhbHVlPSJhcmlwYWV2IiBSZWNvcmRlZFZhbHVlPSJhcmlwYWV2IiBDb3JyZWxhdGlvbkJpbmRpbmc9IiIgVXJsRW5jb2RlPSJGYWxzZSIgVXNlVG9Hcm91cFJlc3VsdHM9IkZhbHNlIiAvPg0KICAgICAgICA8UXVlcnlTdHJpbmdQYXJhbWV0ZXIgTmFtZT0icmVzcG9uc2VfdHlwZSIgVmFsdWU9ImNvZGUiIFJlY29yZGVkVmFsdWU9ImNvZGUiIENvcnJlbGF0aW9uQmluZGluZz0iIiBVcmxFbmNvZGU9IkZhbHNlIiBVc2VUb0dyb3VwUmVzdWx0cz0iRmFsc2UiIC8+DQogICAgICAgIDxRdWVyeVN0cmluZ1BhcmFtZXRlciBOYW1lPSJzY29wZSIgVmFsdWU9IiUyRlVzZXJEYXRhU2VydmljZSUyRmpzb24lMkZQcm9maWxlJTIwJTJGVXNlckRhdGFTZXJ2aWNlJTJGanNvbiUyRlBlcm1pc3Npb25zJTIwJTJGVXNlckRhdGFTZXJ2aWNlJTJGanNvbiUyRk9yZGVycyIgUmVjb3JkZWRWYWx1ZT0iJTJGVXNlckRhdGFTZXJ2aWNlJTJGanNvbiUyRlByb2ZpbGUlMjAlMkZVc2VyRGF0YVNlcnZpY2UlMkZqc29uJTJGUGVybWlzc2lvbnMlMjAlMkZVc2VyRGF0YVNlcnZpY2UlMkZqc29uJTJGT3JkZXJzIiBDb3JyZWxhdGlvbkJpbmRpbmc9IiIgVXJsRW5jb2RlPSJGYWxzZSIgVXNlVG9Hcm91cFJlc3VsdHM9IkZhbHNlIiAvPg0KICAgICAgICA8UXVlcnlTdHJpbmdQYXJhbWV0ZXIgTmFtZT0icmVkaXJlY3RfdXJpIiBWYWx1ZT0iaHR0cHMlM0ElMkYlMkZhY2Nlc3NhcGkuYXJpcGFldi5lZSUyRnYyJTJGbG9naW4lMkZhcmlwYWV2JTNGcmVkaXJlY3RfdXJpJTNEaHR0cHMlMjUzQSUyNTJGJTI1MkZ3d3cuYXJpcGFldi5lZSUyNTJGYm9yc2l1dWRpc2VkJTI1MkYyMDE5JTI1MkYwNSUyNTJGMTMlMjUyRmhpaW5hLXZhc3R1dG9sbGlkLXN1cnVzaWQtdXNhLWJvcnNpLXBvbHZpbGkiIFJlY29yZGVkVmFsdWU9Imh0dHBzJTNBJTJGJTJGYWNjZXNzYXBpLmFyaXBhZXYuZWUlMkZ2MiUyRmxvZ2luJTJGYXJpcGFldiUzRnJlZGlyZWN0X3VyaSUzRGh0dHBzJTI1M0ElMjUyRiUyNTJGd3d3LmFyaXBhZXYuZWUlMjUyRmJvcnNpdXVkaXNlZCUyNTJGMjAxOSUyNTJGMDUlMjUyRjEzJTI1MkZoaWluYS12YXN0dXRvbGxpZC1zdXJ1c2lkLXVzYS1ib3JzaS1wb2x2aWxpIiBDb3JyZWxhdGlvbkJpbmRpbmc9IiIgVXJsRW5jb2RlPSJGYWxzZSIgVXNlVG9Hcm91cFJlc3VsdHM9IkZhbHNlIiAvPg0KICAgICAgPC9RdWVyeVN0cmluZ1BhcmFtZXRlcnM+DQogICAgPC9SZXF1ZXN0Pg0KICAgIDxSZXF1ZXN0IE1ldGhvZD0iUE9TVCIgR3VpZD0iNjFlZjVlMWItYTkwNC00NzFlLWE0MzEtMjIxNzYxODlmZTY2IiBWZXJzaW9uPSIxLjEiIFVybD0iaHR0cHM6Ly9sb2dpbi5hcmlwYWV2LmVlL0FjY291bnQvTG9naW4iIFRoaW5rVGltZT0iMCIgVGltZW91dD0iMzAwIiBQYXJzZURlcGVuZGVudFJlcXVlc3RzPSJUcnVlIiBGb2xsb3dSZWRpcmVjdHM9IlRydWUiIFJlY29yZFJlc3VsdD0iVHJ1ZSIgQ2FjaGU9IkZhbHNlIiBSZXNwb25zZVRpbWVHb2FsPSIwIiBFbmNvZGluZz0idXRmLTgiIEV4cGVjdGVkSHR0cFN0YXR1c0NvZGU9IjAiIEV4cGVjdGVkUmVzcG9uc2VVcmw9Imh0dHBzOi8vbG9naW4uYXJpcGFldi5lZS9nbG9iYWwtbG9naW4/Y29udGludWVVcmw9JTJGT0F1dGglMkZBdXRob3JpemUlM0ZjbGllbnRfaWQlM0RhcmlwYWV2JTI2cmVzcG9uc2VfdHlwZSUzRGNvZGUlMjZzY29wZSUzRCUyNTJGVXNlckRhdGFTZXJ2aWNlJTI1MkZqc29uJTI1MkZQcm9maWxlJTI1MjAlMjUyRlVzZXJEYXRhU2VydmljZSUyNTJGanNvbiUyNTJGUGVybWlzc2lvbnMlMjUyMCUyNTJGVXNlckRhdGFTZXJ2aWNlJTI1MkZqc29uJTI1MkZPcmRlcnMlMjZyZWRpcmVjdF91cmklM0RodHRwcyUyNTNBJTI1MkYlMjUyRmFjY2Vzc2FwaS5hcmlwYWV2LmVlJTI1MkZ2MiUyNTJGbG9naW4lMjUyRmFyaXBhZXYlMjUzRnJlZGlyZWN0X3VyaSUyNTNEaHR0cHMlMjUyNTNBJTI1MjUyRiUyNTI1MkZ3d3cuYXJpcGFldi5lZSUyNTI1MkZib3JzaXV1ZGlzZWQlMjUyNTJGMjAxOSUyNTI1MkYwNSUyNTI1MkYxMyUyNTI1MkZoaWluYS12YXN0dXRvbGxpZC1zdXJ1c2lkLXVzYS1ib3JzaS1wb2x2aWxpIiBSZXBvcnRpbmdOYW1lPSIiIElnbm9yZUh0dHBTdGF0dXNDb2RlPSJGYWxzZSI+DQogICAgICA8SGVhZGVycz4NCiAgICAgICAgPEhlYWRlciBOYW1lPSJSZWZlcmVyIiBWYWx1ZT0iaHR0cHM6Ly9sb2dpbi5hcmlwYWV2LmVlL0FjY291bnQvTG9naW4/UmV0dXJuVXJsPSUyZk9BdXRoJTJmQXV0aG9yaXplJTNmY2xpZW50X2lkJTNkYXJpcGFldiUyNnJlc3BvbnNlX3R5cGUlM2Rjb2RlJTI2c2NvcGUlM2QlMjUyRlVzZXJEYXRhU2VydmljZSUyNTJGanNvbiUyNTJGUHJvZmlsZSUyNTIwJTI1MkZVc2VyRGF0YVNlcnZpY2UlMjUyRmpzb24lMjUyRlBlcm1pc3Npb25zJTI1MjAlMjUyRlVzZXJEYXRhU2VydmljZSUyNTJGanNvbiUyNTJGT3JkZXJzJTI2cmVkaXJlY3RfdXJpJTNkaHR0cHMlMjUzQSUyNTJGJTI1MkZhY2Nlc3NhcGkuYXJpcGFldi5lZSUyNTJGdjIlMjUyRmxvZ2luJTI1MkZhcmlwYWV2JTI1M0ZyZWRpcmVjdF91cmklMjUzRGh0dHBzJTI1MjUzQSUyNTI1MkYlMjUyNTJGd3d3LmFyaXBhZXYuZWUlMjUyNTJGYm9yc2l1dWRpc2VkJTI1MjUyRjIwMTklMjUyNTJGMDUlMjUyNTJGMTMlMjUyNTJGaGlpbmEtdmFzdHV0b2xsaWQtc3VydXNpZC11c2EtYm9yc2ktcG9sdmlsaSZhbXA7Y2xpZW50X2lkPWFyaXBhZXYmYW1wO3Jlc3BvbnNlX3R5cGU9Y29kZSZhbXA7c2NvcGU9JTJGVXNlckRhdGFTZXJ2aWNlJTJGanNvbiUyRlByb2ZpbGUlMjAlMkZVc2VyRGF0YVNlcnZpY2UlMkZqc29uJTJGUGVybWlzc2lvbnMlMjAlMkZVc2VyRGF0YVNlcnZpY2UlMkZqc29uJTJGT3JkZXJzJmFtcDtyZWRpcmVjdF91cmk9aHR0cHMlM0ElMkYlMkZhY2Nlc3NhcGkuYXJpcGFldi5lZSUyRnYyJTJGbG9naW4lMkZhcmlwYWV2JTNGcmVkaXJlY3RfdXJpJTNEaHR0cHMlMjUzQSUyNTJGJTI1MkZ3d3cuYXJpcGFldi5lZSUyNTJGYm9yc2l1dWRpc2VkJTI1MkYyMDE5JTI1MkYwNSUyNTJGMTMlMjUyRmhpaW5hLXZhc3R1dG9sbGlkLXN1cnVzaWQtdXNhLWJvcnNpLXBvbHZpbGkiIC8+DQogICAgICA8L0hlYWRlcnM+DQogICAgICA8Q29ycmVsYXRpb25FeHRyYWN0aW9uUnVsZXM+DQogICAgICAgIDxFeHRyYWN0aW9uUnVsZSBDbGFzc25hbWU9Ik1pY3Jvc29mdC5WaXN1YWxTdHVkaW8uVGVzdFRvb2xzLldlYlRlc3RpbmcuUnVsZXMuRXh0cmFjdFRleHQsIE1pY3Jvc29mdC5WaXN1YWxTdHVkaW8uUXVhbGl0eVRvb2xzLldlYlRlc3RGcmFtZXdvcmssIFZlcnNpb249MTAuMC4wLjAsIEN1bHR1cmU9bmV1dHJhbCwgUHVibGljS2V5VG9rZW49YjAzZjVmN2YxMWQ1MGEzYSIgVmFyaWFibGVOYW1lPSJRdWVyeVN0cmluZ1BhcmFtNjQxLnNzb0lkIiBEaXNwbGF5TmFtZT0iIiBEZXNjcmlwdGlvbj0iIj4NCiAgICAgICAgICA8UnVsZVBhcmFtZXRlcnM+DQogICAgICAgICAgICA8UnVsZVBhcmFtZXRlciBOYW1lPSJTdGFydHNXaXRoIiBWYWx1ZT0iP3Nzb0lkPSIgLz4NCiAgICAgICAgICAgIDxSdWxlUGFyYW1ldGVyIE5hbWU9IkVuZHNXaXRoIiBWYWx1ZT0iXCIgLz4NCiAgICAgICAgICAgIDxSdWxlUGFyYW1ldGVyIE5hbWU9IkluZGV4IiBWYWx1ZT0iMCIgLz4NCiAgICAgICAgICAgIDxSdWxlUGFyYW1ldGVyIE5hbWU9Iklnbm9yZUNhc2UiIFZhbHVlPSJGYWxzZSIgLz4NCiAgICAgICAgICAgIDxSdWxlUGFyYW1ldGVyIE5hbWU9IlVzZVJlZ3VsYXJFeHByZXNzaW9uIiBWYWx1ZT0iRmFsc2UiIC8+DQogICAgICAgICAgICA8UnVsZVBhcmFtZXRlciBOYW1lPSJIdG1sRGVjb2RlIiBWYWx1ZT0iVHJ1ZSIgLz4NCiAgICAgICAgICAgIDxSdWxlUGFyYW1ldGVyIE5hbWU9IlJlcXVpcmVkIiBWYWx1ZT0iRmFsc2UiIC8+DQogICAgICAgICAgPC9SdWxlUGFyYW1ldGVycz4NCiAgICAgICAgPC9FeHRyYWN0aW9uUnVsZT4NCiAgICAgICAgPEV4dHJhY3Rpb25SdWxlIENsYXNzbmFtZT0iTWljcm9zb2Z0LlZpc3VhbFN0dWRpby5UZXN0VG9vbHMuV2ViVGVzdGluZy5SdWxlcy5FeHRyYWN0VGV4dCwgTWljcm9zb2Z0LlZpc3VhbFN0dWRpby5RdWFsaXR5VG9vbHMuV2ViVGVzdEZyYW1ld29yaywgVmVyc2lvbj0xMC4wLjAuMCwgQ3VsdHVyZT1uZXV0cmFsLCBQdWJsaWNLZXlUb2tlbj1iMDNmNWY3ZjExZDUwYTNhIiBWYXJpYWJsZU5hbWU9IlF1ZXJ5U3RyaW5nUGFyYW02NDIucm9sZSIgRGlzcGxheU5hbWU9IiIgRGVzY3JpcHRpb249IiI+DQogICAgICAgICAgPFJ1bGVQYXJhbWV0ZXJzPg0KICAgICAgICAgICAgPFJ1bGVQYXJhbWV0ZXIgTmFtZT0iU3RhcnRzV2l0aCIgVmFsdWU9Ilx1MDAyNnJvbGU9IiAvPg0KICAgICAgICAgICAgPFJ1bGVQYXJhbWV0ZXIgTmFtZT0iRW5kc1dpdGgiIFZhbHVlPSImcXVvdDsiIC8+DQogICAgICAgICAgICA8UnVsZVBhcmFtZXRlciBOYW1lPSJJbmRleCIgVmFsdWU9IjAiIC8+DQogICAgICAgICAgICA8UnVsZVBhcmFtZXRlciBOYW1lPSJJZ25vcmVDYXNlIiBWYWx1ZT0iRmFsc2UiIC8+DQogICAgICAgICAgICA8UnVsZVBhcmFtZXRlciBOYW1lPSJVc2VSZWd1bGFyRXhwcmVzc2lvbiIgVmFsdWU9IkZhbHNlIiAvPg0KICAgICAgICAgICAgPFJ1bGVQYXJhbWV0ZXIgTmFtZT0iSHRtbERlY29kZSIgVmFsdWU9IlRydWUiIC8+DQogICAgICAgICAgICA8UnVsZVBhcmFtZXRlciBOYW1lPSJSZXF1aXJlZCIgVmFsdWU9IkZhbHNlIiAvPg0KICAgICAgICAgIDwvUnVsZVBhcmFtZXRlcnM+DQogICAgICAgIDwvRXh0cmFjdGlvblJ1bGU+DQogICAgICAgIDxFeHRyYWN0aW9uUnVsZSBDbGFzc25hbWU9Ik1pY3Jvc29mdC5WaXN1YWxTdHVkaW8uVGVzdFRvb2xzLldlYlRlc3RpbmcuUnVsZXMuRXh0cmFjdFRleHQsIE1pY3Jvc29mdC5WaXN1YWxTdHVkaW8uUXVhbGl0eVRvb2xzLldlYlRlc3RGcmFtZXdvcmssIFZlcnNpb249MTAuMC4wLjAsIEN1bHR1cmU9bmV1dHJhbCwgUHVibGljS2V5VG9rZW49YjAzZjVmN2YxMWQ1MGEzYSIgVmFyaWFibGVOYW1lPSJRdWVyeVN0cmluZ1BhcmFtNjU4LnNzb0lkIiBEaXNwbGF5TmFtZT0iIiBEZXNjcmlwdGlvbj0iIj4NCiAgICAgICAgICA8UnVsZVBhcmFtZXRlcnM+DQogICAgICAgICAgICA8UnVsZVBhcmFtZXRlciBOYW1lPSJTdGFydHNXaXRoIiBWYWx1ZT0iP3Nzb0lkPSIgLz4NCiAgICAgICAgICAgIDxSdWxlUGFyYW1ldGVyIE5hbWU9IkVuZHNXaXRoIiBWYWx1ZT0iXCIgLz4NCiAgICAgICAgICAgIDxSdWxlUGFyYW1ldGVyIE5hbWU9IkluZGV4IiBWYWx1ZT0iMCIgLz4NCiAgICAgICAgICAgIDxSdWxlUGFyYW1ldGVyIE5hbWU9Iklnbm9yZUNhc2UiIFZhbHVlPSJGYWxzZSIgLz4NCiAgICAgICAgICAgIDxSdWxlUGFyYW1ldGVyIE5hbWU9IlVzZVJlZ3VsYXJFeHByZXNzaW9uIiBWYWx1ZT0iRmFsc2UiIC8+DQogICAgICAgICAgICA8UnVsZVBhcmFtZXRlciBOYW1lPSJIdG1sRGVjb2RlIiBWYWx1ZT0iVHJ1ZSIgLz4NCiAgICAgICAgICAgIDxSdWxlUGFyYW1ldGVyIE5hbWU9IlJlcXVpcmVkIiBWYWx1ZT0iRmFsc2UiIC8+DQogICAgICAgICAgPC9SdWxlUGFyYW1ldGVycz4NCiAgICAgICAgPC9FeHRyYWN0aW9uUnVsZT4NCiAgICAgICAgPEV4dHJhY3Rpb25SdWxlIENsYXNzbmFtZT0iTWljcm9zb2Z0LlZpc3VhbFN0dWRpby5UZXN0VG9vbHMuV2ViVGVzdGluZy5SdWxlcy5FeHRyYWN0VGV4dCwgTWljcm9zb2Z0LlZpc3VhbFN0dWRpby5RdWFsaXR5VG9vbHMuV2ViVGVzdEZyYW1ld29yaywgVmVyc2lvbj0xMC4wLjAuMCwgQ3VsdHVyZT1uZXV0cmFsLCBQdWJsaWNLZXlUb2tlbj1iMDNmNWY3ZjExZDUwYTNhIiBWYXJpYWJsZU5hbWU9IlF1ZXJ5U3RyaW5nUGFyYW02NTkucm9sZSIgRGlzcGxheU5hbWU9IiIgRGVzY3JpcHRpb249IiI+DQogICAgICAgICAgPFJ1bGVQYXJhbWV0ZXJzPg0KICAgICAgICAgICAgPFJ1bGVQYXJhbWV0ZXIgTmFtZT0iU3RhcnRzV2l0aCIgVmFsdWU9Ilx1MDAyNnJvbGU9IiAvPg0KICAgICAgICAgICAgPFJ1bGVQYXJhbWV0ZXIgTmFtZT0iRW5kc1dpdGgiIFZhbHVlPSImcXVvdDsiIC8+DQogICAgICAgICAgICA8UnVsZVBhcmFtZXRlciBOYW1lPSJJbmRleCIgVmFsdWU9IjAiIC8+DQogICAgICAgICAgICA8UnVsZVBhcmFtZXRlciBOYW1lPSJJZ25vcmVDYXNlIiBWYWx1ZT0iRmFsc2UiIC8+DQogICAgICAgICAgICA8UnVsZVBhcmFtZXRlciBOYW1lPSJVc2VSZWd1bGFyRXhwcmVzc2lvbiIgVmFsdWU9IkZhbHNlIiAvPg0KICAgICAgICAgICAgPFJ1bGVQYXJhbWV0ZXIgTmFtZT0iSHRtbERlY29kZSIgVmFsdWU9IlRydWUiIC8+DQogICAgICAgICAgICA8UnVsZVBhcmFtZXRlciBOYW1lPSJSZXF1aXJlZCIgVmFsdWU9IkZhbHNlIiAvPg0KICAgICAgICAgIDwvUnVsZVBhcmFtZXRlcnM+DQogICAgICAgIDwvRXh0cmFjdGlvblJ1bGU+DQogICAgICAgIDxFeHRyYWN0aW9uUnVsZSBDbGFzc25hbWU9Ik1pY3Jvc29mdC5WaXN1YWxTdHVkaW8uVGVzdFRvb2xzLldlYlRlc3RpbmcuUnVsZXMuRXh0cmFjdFRleHQsIE1pY3Jvc29mdC5WaXN1YWxTdHVkaW8uUXVhbGl0eVRvb2xzLldlYlRlc3RGcmFtZXdvcmssIFZlcnNpb249MTAuMC4wLjAsIEN1bHR1cmU9bmV1dHJhbCwgUHVibGljS2V5VG9rZW49YjAzZjVmN2YxMWQ1MGEzYSIgVmFyaWFibGVOYW1lPSJRdWVyeVN0cmluZ1BhcmFtNjc1LmNsaWVudF9pZCIgRGlzcGxheU5hbWU9IiIgRGVzY3JpcHRpb249IiI+DQogICAgICAgICAgPFJ1bGVQYXJhbWV0ZXJzPg0KICAgICAgICAgICAgPFJ1bGVQYXJhbWV0ZXIgTmFtZT0iU3RhcnRzV2l0aCIgVmFsdWU9Ij9jbGllbnRfaWQ9IiAvPg0KICAgICAgICAgICAgPFJ1bGVQYXJhbWV0ZXIgTmFtZT0iRW5kc1dpdGgiIFZhbHVlPSImYW1wOyIgLz4NCiAgICAgICAgICAgIDxSdWxlUGFyYW1ldGVyIE5hbWU9IkluZGV4IiBWYWx1ZT0iMCIgLz4NCiAgICAgICAgICAgIDxSdWxlUGFyYW1ldGVyIE5hbWU9Iklnbm9yZUNhc2UiIFZhbHVlPSJGYWxzZSIgLz4NCiAgICAgICAgICAgIDxSdWxlUGFyYW1ldGVyIE5hbWU9IlVzZVJlZ3VsYXJFeHByZXNzaW9uIiBWYWx1ZT0iRmFsc2UiIC8+DQogICAgICAgICAgICA8UnVsZVBhcmFtZXRlciBOYW1lPSJIdG1sRGVjb2RlIiBWYWx1ZT0iVHJ1ZSIgLz4NCiAgICAgICAgICAgIDxSdWxlUGFyYW1ldGVyIE5hbWU9IlJlcXVpcmVkIiBWYWx1ZT0iRmFsc2UiIC8+DQogICAgICAgICAgPC9SdWxlUGFyYW1ldGVycz4NCiAgICAgICAgPC9FeHRyYWN0aW9uUnVsZT4NCiAgICAgICAgPEV4dHJhY3Rpb25SdWxlIENsYXNzbmFtZT0iTWljcm9zb2Z0LlZpc3VhbFN0dWRpby5UZXN0VG9vbHMuV2ViVGVzdGluZy5SdWxlcy5FeHRyYWN0VGV4dCwgTWljcm9zb2Z0LlZpc3VhbFN0dWRpby5RdWFsaXR5VG9vbHMuV2ViVGVzdEZyYW1ld29yaywgVmVyc2lvbj0xMC4wLjAuMCwgQ3VsdHVyZT1uZXV0cmFsLCBQdWJsaWNLZXlUb2tlbj1iMDNmNWY3ZjExZDUwYTNhIiBWYXJpYWJsZU5hbWU9IlF1ZXJ5U3RyaW5nUGFyYW02NzYucmVzcG9uc2VfdHlwZSIgRGlzcGxheU5hbWU9IiIgRGVzY3JpcHRpb249IiI+DQogICAgICAgICAgPFJ1bGVQYXJhbWV0ZXJzPg0KICAgICAgICAgICAgPFJ1bGVQYXJhbWV0ZXIgTmFtZT0iU3RhcnRzV2l0aCIgVmFsdWU9IiZhbXA7cmVzcG9uc2VfdHlwZT0iIC8+DQogICAgICAgICAgICA8UnVsZVBhcmFtZXRlciBOYW1lPSJFbmRzV2l0aCIgVmFsdWU9IiZhbXA7IiAvPg0KICAgICAgICAgICAgPFJ1bGVQYXJhbWV0ZXIgTmFtZT0iSW5kZXgiIFZhbHVlPSIwIiAvPg0KICAgICAgICAgICAgPFJ1bGVQYXJhbWV0ZXIgTmFtZT0iSWdub3JlQ2FzZSIgVmFsdWU9IkZhbHNlIiAvPg0KICAgICAgICAgICAgPFJ1bGVQYXJhbWV0ZXIgTmFtZT0iVXNlUmVndWxhckV4cHJlc3Npb24iIFZhbHVlPSJGYWxzZSIgLz4NCiAgICAgICAgICAgIDxSdWxlUGFyYW1ldGVyIE5hbWU9Ikh0bWxEZWNvZGUiIFZhbHVlPSJUcnVlIiAvPg0KICAgICAgICAgICAgPFJ1bGVQYXJhbWV0ZXIgTmFtZT0iUmVxdWlyZWQiIFZhbHVlPSJGYWxzZSIgLz4NCiAgICAgICAgICA8L1J1bGVQYXJhbWV0ZXJzPg0KICAgICAgICA8L0V4dHJhY3Rpb25SdWxlPg0KICAgICAgICA8RXh0cmFjdGlvblJ1bGUgQ2xhc3NuYW1lPSJNaWNyb3NvZnQuVmlzdWFsU3R1ZGlvLlRlc3RUb29scy5XZWJUZXN0aW5nLlJ1bGVzLkV4dHJhY3RUZXh0LCBNaWNyb3NvZnQuVmlzdWFsU3R1ZGlvLlF1YWxpdHlUb29scy5XZWJUZXN0RnJhbWV3b3JrLCBWZXJzaW9uPTEwLjAuMC4wLCBDdWx0dXJlPW5ldXRyYWwsIFB1YmxpY0tleVRva2VuPWIwM2Y1ZjdmMTFkNTBhM2EiIFZhcmlhYmxlTmFtZT0iUXVlcnlTdHJpbmdQYXJhbTY3Ny5zY29wZSIgRGlzcGxheU5hbWU9IiIgRGVzY3JpcHRpb249IiI+DQogICAgICAgICAgPFJ1bGVQYXJhbWV0ZXJzPg0KICAgICAgICAgICAgPFJ1bGVQYXJhbWV0ZXIgTmFtZT0iU3RhcnRzV2l0aCIgVmFsdWU9IiZhbXA7c2NvcGU9IiAvPg0KICAgICAgICAgICAgPFJ1bGVQYXJhbWV0ZXIgTmFtZT0iRW5kc1dpdGgiIFZhbHVlPSImYW1wOyIgLz4NCiAgICAgICAgICAgIDxSdWxlUGFyYW1ldGVyIE5hbWU9IkluZGV4IiBWYWx1ZT0iMCIgLz4NCiAgICAgICAgICAgIDxSdWxlUGFyYW1ldGVyIE5hbWU9Iklnbm9yZUNhc2UiIFZhbHVlPSJGYWxzZSIgLz4NCiAgICAgICAgICAgIDxSdWxlUGFyYW1ldGVyIE5hbWU9IlVzZVJlZ3VsYXJFeHByZXNzaW9uIiBWYWx1ZT0iRmFsc2UiIC8+DQogICAgICAgICAgICA8UnVsZVBhcmFtZXRlciBOYW1lPSJIdG1sRGVjb2RlIiBWYWx1ZT0iVHJ1ZSIgLz4NCiAgICAgICAgICAgIDxSdWxlUGFyYW1ldGVyIE5hbWU9IlJlcXVpcmVkIiBWYWx1ZT0iRmFsc2UiIC8+DQogICAgICAgICAgPC9SdWxlUGFyYW1ldGVycz4NCiAgICAgICAgPC9FeHRyYWN0aW9uUnVsZT4NCiAgICAgICAgPEV4dHJhY3Rpb25SdWxlIENsYXNzbmFtZT0iTWljcm9zb2Z0LlZpc3VhbFN0dWRpby5UZXN0VG9vbHMuV2ViVGVzdGluZy5SdWxlcy5FeHRyYWN0VGV4dCwgTWljcm9zb2Z0LlZpc3VhbFN0dWRpby5RdWFsaXR5VG9vbHMuV2ViVGVzdEZyYW1ld29yaywgVmVyc2lvbj0xMC4wLjAuMCwgQ3VsdHVyZT1uZXV0cmFsLCBQdWJsaWNLZXlUb2tlbj1iMDNmNWY3ZjExZDUwYTNhIiBWYXJpYWJsZU5hbWU9IlF1ZXJ5U3RyaW5nUGFyYW02NzgucmVkaXJlY3RfdXJpIiBEaXNwbGF5TmFtZT0iIiBEZXNjcmlwdGlvbj0iIj4NCiAgICAgICAgICA8UnVsZVBhcmFtZXRlcnM+DQogICAgICAgICAgICA8UnVsZVBhcmFtZXRlciBOYW1lPSJTdGFydHNXaXRoIiBWYWx1ZT0iJmFtcDtyZWRpcmVjdF91cmk9IiAvPg0KICAgICAgICAgICAgPFJ1bGVQYXJhbWV0ZXIgTmFtZT0iRW5kc1dpdGgiIFZhbHVlPSImcXVvdDsiIC8+DQogICAgICAgICAgICA8UnVsZVBhcmFtZXRlciBOYW1lPSJJbmRleCIgVmFsdWU9IjAiIC8+DQogICAgICAgICAgICA8UnVsZVBhcmFtZXRlciBOYW1lPSJJZ25vcmVDYXNlIiBWYWx1ZT0iRmFsc2UiIC8+DQogICAgICAgICAgICA8UnVsZVBhcmFtZXRlciBOYW1lPSJVc2VSZWd1bGFyRXhwcmVzc2lvbiIgVmFsdWU9IkZhbHNlIiAvPg0KICAgICAgICAgICAgPFJ1bGVQYXJhbWV0ZXIgTmFtZT0iSHRtbERlY29kZSIgVmFsdWU9IlRydWUiIC8+DQogICAgICAgICAgICA8UnVsZVBhcmFtZXRlciBOYW1lPSJSZXF1aXJlZCIgVmFsdWU9IkZhbHNlIiAvPg0KICAgICAgICAgIDwvUnVsZVBhcmFtZXRlcnM+DQogICAgICAgIDwvRXh0cmFjdGlvblJ1bGU+DQogICAgICA8L0NvcnJlbGF0aW9uRXh0cmFjdGlvblJ1bGVzPg0KICAgICAgPFF1ZXJ5U3RyaW5nUGFyYW1ldGVycz4NCiAgICAgICAgPFF1ZXJ5U3RyaW5nUGFyYW1ldGVyIE5hbWU9IlJldHVyblVybCIgVmFsdWU9IiUyZk9BdXRoJTJmQXV0aG9yaXplJTNmY2xpZW50X2lkJTNkYXJpcGFldiUyNnJlc3BvbnNlX3R5cGUlM2Rjb2RlJTI2c2NvcGUlM2QlMjUyRlVzZXJEYXRhU2VydmljZSUyNTJGanNvbiUyNTJGUHJvZmlsZSUyNTIwJTI1MkZVc2VyRGF0YVNlcnZpY2UlMjUyRmpzb24lMjUyRlBlcm1pc3Npb25zJTI1MjAlMjUyRlVzZXJEYXRhU2VydmljZSUyNTJGanNvbiUyNTJGT3JkZXJzJTI2cmVkaXJlY3RfdXJpJTNkaHR0cHMlMjUzQSUyNTJGJTI1MkZhY2Nlc3NhcGkuYXJpcGFldi5lZSUyNTJGdjIlMjUyRmxvZ2luJTI1MkZhcmlwYWV2JTI1M0ZyZWRpcmVjdF91cmklMjUzRGh0dHBzJTI1MjUzQSUyNTI1MkYlMjUyNTJGd3d3LmFyaXBhZXYuZWUlMjUyNTJGYm9yc2l1dWRpc2VkJTI1MjUyRjIwMTklMjUyNTJGMDUlMjUyNTJGMTMlMjUyNTJGaGlpbmEtdmFzdHV0b2xsaWQtc3VydXNpZC11c2EtYm9yc2ktcG9sdmlsaSIgUmVjb3JkZWRWYWx1ZT0iJTJmT0F1dGglMmZBdXRob3JpemUlM2ZjbGllbnRfaWQlM2RhcmlwYWV2JTI2cmVzcG9uc2VfdHlwZSUzZGNvZGUlMjZzY29wZSUzZCUyNTJGVXNlckRhdGFTZXJ2aWNlJTI1MkZqc29uJTI1MkZQcm9maWxlJTI1MjAlMjUyRlVzZXJEYXRhU2VydmljZSUyNTJGanNvbiUyNTJGUGVybWlzc2lvbnMlMjUyMCUyNTJGVXNlckRhdGFTZXJ2aWNlJTI1MkZqc29uJTI1MkZPcmRlcnMlMjZyZWRpcmVjdF91cmklM2RodHRwcyUyNTNBJTI1MkYlMjUyRmFjY2Vzc2FwaS5hcmlwYWV2LmVlJTI1MkZ2MiUyNTJGbG9naW4lMjUyRmFyaXBhZXYlMjUzRnJlZGlyZWN0X3VyaSUyNTNEaHR0cHMlMjUyNTNBJTI1MjUyRiUyNTI1MkZ3d3cuYXJpcGFldi5lZSUyNTI1MkZib3JzaXV1ZGlzZWQlMjUyNTJGMjAxOSUyNTI1MkYwNSUyNTI1MkYxMyUyNTI1MkZoaWluYS12YXN0dXRvbGxpZC1zdXJ1c2lkLXVzYS1ib3JzaS1wb2x2aWxpIiBDb3JyZWxhdGlvbkJpbmRpbmc9IiIgVXJsRW5jb2RlPSJGYWxzZSIgVXNlVG9Hcm91cFJlc3VsdHM9IkZhbHNlIiAvPg0KICAgICAgICA8UXVlcnlTdHJpbmdQYXJhbWV0ZXIgTmFtZT0iY2xpZW50X2lkIiBWYWx1ZT0iYXJpcGFldiIgUmVjb3JkZWRWYWx1ZT0iYXJpcGFldiIgQ29ycmVsYXRpb25CaW5kaW5nPSIiIFVybEVuY29kZT0iRmFsc2UiIFVzZVRvR3JvdXBSZXN1bHRzPSJGYWxzZSIgLz4NCiAgICAgICAgPFF1ZXJ5U3RyaW5nUGFyYW1ldGVyIE5hbWU9InJlc3BvbnNlX3R5cGUiIFZhbHVlPSJjb2RlIiBSZWNvcmRlZFZhbHVlPSJjb2RlIiBDb3JyZWxhdGlvbkJpbmRpbmc9IiIgVXJsRW5jb2RlPSJGYWxzZSIgVXNlVG9Hcm91cFJlc3VsdHM9IkZhbHNlIiAvPg0KICAgICAgICA8UXVlcnlTdHJpbmdQYXJhbWV0ZXIgTmFtZT0ic2NvcGUiIFZhbHVlPSIlMkZVc2VyRGF0YVNlcnZpY2UlMkZqc29uJTJGUHJvZmlsZSUyMCUyRlVzZXJEYXRhU2VydmljZSUyRmpzb24lMkZQZXJtaXNzaW9ucyUyMCUyRlVzZXJEYXRhU2VydmljZSUyRmpzb24lMkZPcmRlcnMiIFJlY29yZGVkVmFsdWU9IiUyRlVzZXJEYXRhU2VydmljZSUyRmpzb24lMkZQcm9maWxlJTIwJTJGVXNlckRhdGFTZXJ2aWNlJTJGanNvbiUyRlBlcm1pc3Npb25zJTIwJTJGVXNlckRhdGFTZXJ2aWNlJTJGanNvbiUyRk9yZGVycyIgQ29ycmVsYXRpb25CaW5kaW5nPSIiIFVybEVuY29kZT0iRmFsc2UiIFVzZVRvR3JvdXBSZXN1bHRzPSJGYWxzZSIgLz4NCiAgICAgICAgPFF1ZXJ5U3RyaW5nUGFyYW1ldGVyIE5hbWU9InJlZGlyZWN0X3VyaSIgVmFsdWU9Imh0dHBzJTNBJTJGJTJGYWNjZXNzYXBpLmFyaXBhZXYuZWUlMkZ2MiUyRmxvZ2luJTJGYXJpcGFldiUzRnJlZGlyZWN0X3VyaSUzRGh0dHBzJTI1M0ElMjUyRiUyNTJGd3d3LmFyaXBhZXYuZWUlMjUyRmJvcnNpdXVkaXNlZCUyNTJGMjAxOSUyNTJGMDUlMjUyRjEzJTI1MkZoaWluYS12YXN0dXRvbGxpZC1zdXJ1c2lkLXVzYS1ib3JzaS1wb2x2aWxpIiBSZWNvcmRlZFZhbHVlPSJodHRwcyUzQSUyRiUyRmFjY2Vzc2FwaS5hcmlwYWV2LmVlJTJGdjIlMkZsb2dpbiUyRmFyaXBhZXYlM0ZyZWRpcmVjdF91cmklM0RodHRwcyUyNTNBJTI1MkYlMjUyRnd3dy5hcmlwYWV2LmVlJTI1MkZib3JzaXV1ZGlzZWQlMjUyRjIwMTklMjUyRjA1JTI1MkYxMyUyNTJGaGlpbmEtdmFzdHV0b2xsaWQtc3VydXNpZC11c2EtYm9yc2ktcG9sdmlsaSIgQ29ycmVsYXRpb25CaW5kaW5nPSIiIFVybEVuY29kZT0iRmFsc2UiIFVzZVRvR3JvdXBSZXN1bHRzPSJGYWxzZSIgLz4NCiAgICAgIDwvUXVlcnlTdHJpbmdQYXJhbWV0ZXJzPg0KICAgICAgPEZvcm1Qb3N0SHR0cEJvZHk+DQogICAgICAgIDxGb3JtUG9zdFBhcmFtZXRlciBOYW1lPSJFbWFpbCIgVmFsdWU9ImFyYXR5aGlzdGFAYXJpcGFldi5lZSIgUmVjb3JkZWRWYWx1ZT0iYXJhdHloaXN0YUBhcmlwYWV2LmVlIiBDb3JyZWxhdGlvbkJpbmRpbmc9IiIgVXJsRW5jb2RlPSJUcnVlIiAvPg0KICAgICAgICA8Rm9ybVBvc3RQYXJhbWV0ZXIgTmFtZT0icGFzc3dvcmQiIFZhbHVlPSI0dXRvbTQ0dHRlc3QiIFJlY29yZGVkVmFsdWU9ImoyMmthcnUiIENvcnJlbGF0aW9uQmluZGluZz0iIiBVcmxFbmNvZGU9IlRydWUiIC8+DQogICAgICAgIDxGb3JtUG9zdFBhcmFtZXRlciBOYW1lPSJSZW1lbWJlck1lIiBWYWx1ZT0idHJ1ZSIgUmVjb3JkZWRWYWx1ZT0idHJ1ZSIgQ29ycmVsYXRpb25CaW5kaW5nPSJ7e0Zvcm1Qb3N0UGFyYW0yLlJlbWVtYmVyTWV9fSIgVXJsRW5jb2RlPSJUcnVlIiAvPg0KICAgICAgPC9Gb3JtUG9zdEh0dHBCb2R5Pg0KICAgIDwvUmVxdWVzdD4NCiAgICA8UmVxdWVzdCBNZXRob2Q9IkdFVCIgR3VpZD0iZDlkNWU1MGYtOTYxZS00NDA3LWFlNzQtYTc0ODRjNTJiOWY5IiBWZXJzaW9uPSIxLjEiIFVybD0iaHR0cHM6Ly9wb29kLmFyaXBhZXYuZWUvU3NvL0dsb2JhbExvZ2luIiBUaGlua1RpbWU9IjAiIFRpbWVvdXQ9IjMwMCIgUGFyc2VEZXBlbmRlbnRSZXF1ZXN0cz0iVHJ1ZSIgRm9sbG93UmVkaXJlY3RzPSJUcnVlIiBSZWNvcmRSZXN1bHQ9IlRydWUiIENhY2hlPSJGYWxzZSIgUmVzcG9uc2VUaW1lR29hbD0iMCIgRW5jb2Rpbmc9InV0Zi04IiBFeHBlY3RlZEh0dHBTdGF0dXNDb2RlPSIwIiBFeHBlY3RlZFJlc3BvbnNlVXJsPSIiIFJlcG9ydGluZ05hbWU9IiIgSWdub3JlSHR0cFN0YXR1c0NvZGU9IkZhbHNlIj4NCiAgICAgIDxIZWFkZXJzPg0KICAgICAgICA8SGVhZGVyIE5hbWU9IkFjY2VwdCIgVmFsdWU9ImFwcGxpY2F0aW9uL2pzb24sIHRleHQvamF2YXNjcmlwdCwgKi8qOyBxPTAuMDEiIC8+DQogICAgICAgIDxIZWFkZXIgTmFtZT0iUmVmZXJlciIgVmFsdWU9Imh0dHBzOi8vbG9naW4uYXJpcGFldi5lZS9nbG9iYWwtbG9naW4/Y29udGludWVVcmw9JTJGT0F1dGglMkZBdXRob3JpemUlM0ZjbGllbnRfaWQlM0RhcmlwYWV2JTI2cmVzcG9uc2VfdHlwZSUzRGNvZGUlMjZzY29wZSUzRCUyNTJGVXNlckRhdGFTZXJ2aWNlJTI1MkZqc29uJTI1MkZQcm9maWxlJTI1MjAlMjUyRlVzZXJEYXRhU2VydmljZSUyNTJGanNvbiUyNTJGUGVybWlzc2lvbnMlMjUyMCUyNTJGVXNlckRhdGFTZXJ2aWNlJTI1MkZqc29uJTI1MkZPcmRlcnMlMjZyZWRpcmVjdF91cmklM0RodHRwcyUyNTNBJTI1MkYlMjUyRmFjY2Vzc2FwaS5hcmlwYWV2LmVlJTI1MkZ2MiUyNTJGbG9naW4lMjUyRmFyaXBhZXYlMjUzRnJlZGlyZWN0X3VyaSUyNTNEaHR0cHMlMjUyNTNBJTI1MjUyRiUyNTI1MkZ3d3cuYXJpcGFldi5lZSUyNTI1MkZib3JzaXV1ZGlzZWQlMjUyNTJGMjAxOSUyNTI1MkYwNSUyNTI1MkYxMyUyNTI1MkZoaWluYS12YXN0dXRvbGxpZC1zdXJ1c2lkLXVzYS1ib3JzaS1wb2x2aWxpIiAvPg0KICAgICAgPC9IZWFkZXJzPg0KICAgICAgPFF1ZXJ5U3RyaW5nUGFyYW1ldGVycz4NCiAgICAgICAgPFF1ZXJ5U3RyaW5nUGFyYW1ldGVyIE5hbWU9InNzb0lkIiBWYWx1ZT0iOTIzMTBjMDEtMjA1ZC00MGY3LWE2MmItYTM2ZjAzY2U4NGRiIiBSZWNvcmRlZFZhbHVlPSI5MjMxMGMwMS0yMDVkLTQwZjctYTYyYi1hMzZmMDNjZTg0ZGIiIENvcnJlbGF0aW9uQmluZGluZz0ie3tRdWVyeVN0cmluZ1BhcmFtNjQxLnNzb0lkfX0iIFVybEVuY29kZT0iRmFsc2UiIFVzZVRvR3JvdXBSZXN1bHRzPSJGYWxzZSIgLz4NCiAgICAgICAgPFF1ZXJ5U3RyaW5nUGFyYW1ldGVyIE5hbWU9InJvbGUiIFZhbHVlPSJnb2QiIFJlY29yZGVkVmFsdWU9ImdvZCIgQ29ycmVsYXRpb25CaW5kaW5nPSJ7e1F1ZXJ5U3RyaW5nUGFyYW02NDIucm9sZX19IiBVcmxFbmNvZGU9IkZhbHNlIiBVc2VUb0dyb3VwUmVzdWx0cz0iRmFsc2UiIC8+DQogICAgICAgIDxRdWVyeVN0cmluZ1BhcmFtZXRlciBOYW1lPSJfIiBWYWx1ZT0iMTU1NzkwNTk3MjUyNSIgUmVjb3JkZWRWYWx1ZT0iMTU1NzkwNTk3MjUyNSIgQ29ycmVsYXRpb25CaW5kaW5nPSIiIFVybEVuY29kZT0iRmFsc2UiIFVzZVRvR3JvdXBSZXN1bHRzPSJGYWxzZSIgLz4NCiAgICAgIDwvUXVlcnlTdHJpbmdQYXJhbWV0ZXJzPg0KICAgIDwvUmVxdWVzdD4NCiAgICA8UmVxdWVzdCBNZXRob2Q9IkdFVCIgR3VpZD0iN2Y0ZTg3ODUtZGYzYS00YmE5LWFhNmItNzBmMjdhZjEwZmVkIiBWZXJzaW9uPSIxLjEiIFVybD0iaHR0cHM6Ly9pbmZvcGFuay5lZS9Tc28vR2xvYmFsTG9naW4iIFRoaW5rVGltZT0iMyIgVGltZW91dD0iMzAwIiBQYXJzZURlcGVuZGVudFJlcXVlc3RzPSJUcnVlIiBGb2xsb3dSZWRpcmVjdHM9IlRydWUiIFJlY29yZFJlc3VsdD0iVHJ1ZSIgQ2FjaGU9IkZhbHNlIiBSZXNwb25zZVRpbWVHb2FsPSIwIiBFbmNvZGluZz0idXRmLTgiIEV4cGVjdGVkSHR0cFN0YXR1c0NvZGU9IjAiIEV4cGVjdGVkUmVzcG9uc2VVcmw9IiIgUmVwb3J0aW5nTmFtZT0iIiBJZ25vcmVIdHRwU3RhdHVzQ29kZT0iRmFsc2UiPg0KICAgICAgPEhlYWRlcnM+DQogICAgICAgIDxIZWFkZXIgTmFtZT0iQWNjZXB0IiBWYWx1ZT0iYXBwbGljYXRpb24vanNvbiwgdGV4dC9qYXZhc2NyaXB0LCAqLyo7IHE9MC4wMSIgLz4NCiAgICAgICAgPEhlYWRlciBOYW1lPSJSZWZlcmVyIiBWYWx1ZT0iaHR0cHM6Ly9sb2dpbi5hcmlwYWV2LmVlL2dsb2JhbC1sb2dpbj9jb250aW51ZVVybD0lMkZPQXV0aCUyRkF1dGhvcml6ZSUzRmNsaWVudF9pZCUzRGFyaXBhZXYlMjZyZXNwb25zZV90eXBlJTNEY29kZSUyNnNjb3BlJTNEJTI1MkZVc2VyRGF0YVNlcnZpY2UlMjUyRmpzb24lMjUyRlByb2ZpbGUlMjUyMCUyNTJGVXNlckRhdGFTZXJ2aWNlJTI1MkZqc29uJTI1MkZQZXJtaXNzaW9ucyUyNTIwJTI1MkZVc2VyRGF0YVNlcnZpY2UlMjUyRmpzb24lMjUyRk9yZGVycyUyNnJlZGlyZWN0X3VyaSUzRGh0dHBzJTI1M0ElMjUyRiUyNTJGYWNjZXNzYXBpLmFyaXBhZXYuZWUlMjUyRnYyJTI1MkZsb2dpbiUyNTJGYXJpcGFldiUyNTNGcmVkaXJlY3RfdXJpJTI1M0RodHRwcyUyNTI1M0ElMjUyNTJGJTI1MjUyRnd3dy5hcmlwYWV2LmVlJTI1MjUyRmJvcnNpdXVkaXNlZCUyNTI1MkYyMDE5JTI1MjUyRjA1JTI1MjUyRjEzJTI1MjUyRmhpaW5hLXZhc3R1dG9sbGlkLXN1cnVzaWQtdXNhLWJvcnNpLXBvbHZpbGkiIC8+DQogICAgICA8L0hlYWRlcnM+DQogICAgICA8UXVlcnlTdHJpbmdQYXJhbWV0ZXJzPg0KICAgICAgICA8UXVlcnlTdHJpbmdQYXJhbWV0ZXIgTmFtZT0ic3NvSWQiIFZhbHVlPSI5MjMxMGMwMS0yMDVkLTQwZjctYTYyYi1hMzZmMDNjZTg0ZGIiIFJlY29yZGVkVmFsdWU9IjkyMzEwYzAxLTIwNWQtNDBmNy1hNjJiLWEzNmYwM2NlODRkYiIgQ29ycmVsYXRpb25CaW5kaW5nPSJ7e1F1ZXJ5U3RyaW5nUGFyYW02NTguc3NvSWR9fSIgVXJsRW5jb2RlPSJGYWxzZSIgVXNlVG9Hcm91cFJlc3VsdHM9IkZhbHNlIiAvPg0KICAgICAgICA8UXVlcnlTdHJpbmdQYXJhbWV0ZXIgTmFtZT0icm9sZSIgVmFsdWU9ImdvZCIgUmVjb3JkZWRWYWx1ZT0iZ29kIiBDb3JyZWxhdGlvbkJpbmRpbmc9Int7UXVlcnlTdHJpbmdQYXJhbTY1OS5yb2xlfX0iIFVybEVuY29kZT0iRmFsc2UiIFVzZVRvR3JvdXBSZXN1bHRzPSJGYWxzZSIgLz4NCiAgICAgICAgPFF1ZXJ5U3RyaW5nUGFyYW1ldGVyIE5hbWU9Il8iIFZhbHVlPSIxNTU3OTA1OTcyNTI2IiBSZWNvcmRlZFZhbHVlPSIxNTU3OTA1OTcyNTI2IiBDb3JyZWxhdGlvbkJpbmRpbmc9IiIgVXJsRW5jb2RlPSJGYWxzZSIgVXNlVG9Hcm91cFJlc3VsdHM9IkZhbHNlIiAvPg0KICAgICAgPC9RdWVyeVN0cmluZ1BhcmFtZXRlcnM+DQogICAgPC9SZXF1ZXN0Pg0KICAgIDxSZXF1ZXN0IE1ldGhvZD0iR0VUIiBHdWlkPSJiYmYwMGE5MS03NDA4LTQ5MTYtYmJiYy01ZTRmZDk1ZmYyOTIiIFZlcnNpb249IjEuMSIgVXJsPSJodHRwczovL2xvZ2luLmFyaXBhZXYuZWUvT0F1dGgvQXV0aG9yaXplIiBUaGlua1RpbWU9IjAiIFRpbWVvdXQ9IjMwMCIgUGFyc2VEZXBlbmRlbnRSZXF1ZXN0cz0iVHJ1ZSIgRm9sbG93UmVkaXJlY3RzPSJUcnVlIiBSZWNvcmRSZXN1bHQ9IlRydWUiIENhY2hlPSJGYWxzZSIgUmVzcG9uc2VUaW1lR29hbD0iMCIgRW5jb2Rpbmc9InV0Zi04IiBFeHBlY3RlZEh0dHBTdGF0dXNDb2RlPSIwIiBFeHBlY3RlZFJlc3BvbnNlVXJsPSJodHRwczovL3d3dy5hcmlwYWV2LmVlL2JvcnNpdXVkaXNlZC8yMDE5LzA1LzEzL2hpaW5hLXZhc3R1dG9sbGlkLXN1cnVzaWQtdXNhLWJvcnNpLXBvbHZpbGkiIFJlcG9ydGluZ05hbWU9IiIgSWdub3JlSHR0cFN0YXR1c0NvZGU9IkZhbHNlIj4NCiAgICAgIDxEZXBlbmRlbnRSZXF1ZXN0cz4NCiAgICAgICAgPFJlcXVlc3QgTWV0aG9kPSJPUFRJT05TIiBHdWlkPSJjNTk0ZDA1Zi0zNTMyLTQ1NTEtODg2NS1kOTZiNjJmY2RhNmQiIFZlcnNpb249IjEuMSIgVXJsPSJodHRwczovL2xpc3RhcGkuYXJpcGFldi5lZS92MS9tb3N0LXZpZXdlZCIgVGhpbmtUaW1lPSIxIiBUaW1lb3V0PSIzMDAiIFBhcnNlRGVwZW5kZW50UmVxdWVzdHM9IlRydWUiIEZvbGxvd1JlZGlyZWN0cz0iVHJ1ZSIgUmVjb3JkUmVzdWx0PSJUcnVlIiBDYWNoZT0iRmFsc2UiIFJlc3BvbnNlVGltZUdvYWw9IjAiIEVuY29kaW5nPSJ1dGYtOCIgRXhwZWN0ZWRIdHRwU3RhdHVzQ29kZT0iMCIgRXhwZWN0ZWRSZXNwb25zZVVybD0iIiBSZXBvcnRpbmdOYW1lPSIiIElnbm9yZUh0dHBTdGF0dXNDb2RlPSJGYWxzZSI+DQogICAgICAgICAgPFF1ZXJ5U3RyaW5nUGFyYW1ldGVycz4NCiAgICAgICAgICAgIDxRdWVyeVN0cmluZ1BhcmFtZXRlciBOYW1lPSJwZXJpb2QiIFZhbHVlPSIxX2RheSIgUmVjb3JkZWRWYWx1ZT0iMV9kYXkiIENvcnJlbGF0aW9uQmluZGluZz0iIiBVcmxFbmNvZGU9IkZhbHNlIiBVc2VUb0dyb3VwUmVzdWx0cz0iRmFsc2UiIC8+DQogICAgICAgICAgPC9RdWVyeVN0cmluZ1BhcmFtZXRlcnM+DQogICAgICAgIDwvUmVxdWVzdD4NCiAgICAgICAgPFJlcXVlc3QgTWV0aG9kPSJPUFRJT05TIiBHdWlkPSIyMGQ0OTE1Ni03ZDg4LTQ2MmUtYWNhYy00NzhkYjY1MzM1ZTQiIFZlcnNpb249IjEuMSIgVXJsPSJodHRwczovL2xpc3RhcGkuYXJpcGFldi5lZS92MS90YWcvYm9ycyIgVGhpbmtUaW1lPSIwIiBUaW1lb3V0PSIzMDAiIFBhcnNlRGVwZW5kZW50UmVxdWVzdHM9IlRydWUiIEZvbGxvd1JlZGlyZWN0cz0iVHJ1ZSIgUmVjb3JkUmVzdWx0PSJUcnVlIiBDYWNoZT0iRmFsc2UiIFJlc3BvbnNlVGltZUdvYWw9IjAiIEVuY29kaW5nPSJ1dGYtOCIgRXhwZWN0ZWRIdHRwU3RhdHVzQ29kZT0iMCIgRXhwZWN0ZWRSZXNwb25zZVVybD0iIiBSZXBvcnRpbmdOYW1lPSIiIElnbm9yZUh0dHBTdGF0dXNDb2RlPSJGYWxzZSI+DQogICAgICAgICAgPFF1ZXJ5U3RyaW5nUGFyYW1ldGVycz4NCiAgICAgICAgICAgIDxRdWVyeVN0cmluZ1BhcmFtZXRlciBOYW1lPSJleGNsdWRlX3V1aWRzIiBWYWx1ZT0iMDBkMDQxMzktY2IzMi00OTczLThlZTQtMTdlODgxMTA0M2JjIiBSZWNvcmRlZFZhbHVlPSIwMGQwNDEzOS1jYjMyLTQ5NzMtOGVlNC0xN2U4ODExMDQzYmMiIENvcnJlbGF0aW9uQmluZGluZz0iIiBVcmxFbmNvZGU9IkZhbHNlIiBVc2VUb0dyb3VwUmVzdWx0cz0iRmFsc2UiIC8+DQogICAgICAgICAgICA8UXVlcnlTdHJpbmdQYXJhbWV0ZXIgTmFtZT0ibGltaXQiIFZhbHVlPSI0IiBSZWNvcmRlZFZhbHVlPSI0IiBDb3JyZWxhdGlvbkJpbmRpbmc9IiIgVXJsRW5jb2RlPSJGYWxzZSIgVXNlVG9Hcm91cFJlc3VsdHM9IkZhbHNlIiAvPg0KICAgICAgICAgICAgPFF1ZXJ5U3RyaW5nUGFyYW1ldGVyIE5hbWU9InBhZ2UiIFZhbHVlPSIxIiBSZWNvcmRlZFZhbHVlPSIxIiBDb3JyZWxhdGlvbkJpbmRpbmc9IiIgVXJsRW5jb2RlPSJGYWxzZSIgVXNlVG9Hcm91cFJlc3VsdHM9IkZhbHNlIiAvPg0KICAgICAgICAgIDwvUXVlcnlTdHJpbmdQYXJhbWV0ZXJzPg0KICAgICAgICA8L1JlcXVlc3Q+DQogICAgICAgIDxSZXF1ZXN0IE1ldGhvZD0iT1BUSU9OUyIgR3VpZD0iYTE2YzNjNjYtYTU4YS00MmFkLTkzNTUtZGE0ZTAxZmFmZGYzIiBWZXJzaW9uPSIxLjEiIFVybD0iaHR0cHM6Ly9saXN0YXBpLmFyaXBhZXYuZWUvdjEvbGlzdHMvc3BlY2lhbGVkaXRpb24iIFRoaW5rVGltZT0iMCIgVGltZW91dD0iMzAwIiBQYXJzZURlcGVuZGVudFJlcXVlc3RzPSJUcnVlIiBGb2xsb3dSZWRpcmVjdHM9IlRydWUiIFJlY29yZFJlc3VsdD0iVHJ1ZSIgQ2FjaGU9IkZhbHNlIiBSZXNwb25zZVRpbWVHb2FsPSIwIiBFbmNvZGluZz0idXRmLTgiIEV4cGVjdGVkSHR0cFN0YXR1c0NvZGU9IjAiIEV4cGVjdGVkUmVzcG9uc2VVcmw9IiIgUmVwb3J0aW5nTmFtZT0iIiBJZ25vcmVIdHRwU3RhdHVzQ29kZT0iRmFsc2UiPg0KICAgICAgICAgIDxRdWVyeVN0cmluZ1BhcmFtZXRlcnM+DQogICAgICAgICAgICA8UXVlcnlTdHJpbmdQYXJhbWV0ZXIgTmFtZT0ibGlzdF9saW1pdCIgVmFsdWU9IjYiIFJlY29yZGVkVmFsdWU9IjYiIENvcnJlbGF0aW9uQmluZGluZz0iIiBVcmxFbmNvZGU9IkZhbHNlIiBVc2VUb0dyb3VwUmVzdWx0cz0iRmFsc2UiIC8+DQogICAgICAgICAgICA8UXVlcnlTdHJpbmdQYXJhbWV0ZXIgTmFtZT0ibGltaXQiIFZhbHVlPSIxMDAiIFJlY29yZGVkVmFsdWU9IjEwMCIgQ29ycmVsYXRpb25CaW5kaW5nPSIiIFVybEVuY29kZT0iRmFsc2UiIFVzZVRvR3JvdXBSZXN1bHRzPSJGYWxzZSIgLz4NCiAgICAgICAgICA8L1F1ZXJ5U3RyaW5nUGFyYW1ldGVycz4NCiAgICAgICAgPC9SZXF1ZXN0Pg0KICAgICAgICA8UmVxdWVzdCBNZXRob2Q9Ik9QVElPTlMiIEd1aWQ9IjBmMGM0NDc2LTBjOTgtNDg1My1iZTI2LTgwNTA5ZDA3MTBkNCIgVmVyc2lvbj0iMS4xIiBVcmw9Imh0dHBzOi8vbGlzdGFwaS5hcmlwYWV2LmVlL3YxL21vc3Qtdmlld2VkIiBUaGlua1RpbWU9IjAiIFRpbWVvdXQ9IjMwMCIgUGFyc2VEZXBlbmRlbnRSZXF1ZXN0cz0iVHJ1ZSIgRm9sbG93UmVkaXJlY3RzPSJUcnVlIiBSZWNvcmRSZXN1bHQ9IlRydWUiIENhY2hlPSJGYWxzZSIgUmVzcG9uc2VUaW1lR29hbD0iMCIgRW5jb2Rpbmc9InV0Zi04IiBFeHBlY3RlZEh0dHBTdGF0dXNDb2RlPSIwIiBFeHBlY3RlZFJlc3BvbnNlVXJsPSIiIFJlcG9ydGluZ05hbWU9IiIgSWdub3JlSHR0cFN0YXR1c0NvZGU9IkZhbHNlIj4NCiAgICAgICAgICA8UXVlcnlTdHJpbmdQYXJhbWV0ZXJzPg0KICAgICAgICAgICAgPFF1ZXJ5U3RyaW5nUGFyYW1ldGVyIE5hbWU9InBlcmlvZCIgVmFsdWU9IjFfZGF5IiBSZWNvcmRlZFZhbHVlPSIxX2RheSIgQ29ycmVsYXRpb25CaW5kaW5nPSIiIFVybEVuY29kZT0iRmFsc2UiIFVzZVRvR3JvdXBSZXN1bHRzPSJGYWxzZSIgLz4NCiAgICAgICAgICA8L1F1ZXJ5U3RyaW5nUGFyYW1ldGVycz4NCiAgICAgICAgPC9SZXF1ZXN0Pg0KICAgICAgICA8UmVxdWVzdCBNZXRob2Q9Ik9QVElPTlMiIEd1aWQ9ImRhNzQ1ZmY3LTFlNTgtNDk4My04MjVjLWRkNjRmMjIxMTUzOSIgVmVyc2lvbj0iMS4xIiBVcmw9Imh0dHBzOi8vbGlzdGFwaS5hcmlwYWV2LmVlL3YxL2NhdGVnb3J5IiBUaGlua1RpbWU9IjAiIFRpbWVvdXQ9IjMwMCIgUGFyc2VEZXBlbmRlbnRSZXF1ZXN0cz0iVHJ1ZSIgRm9sbG93UmVkaXJlY3RzPSJUcnVlIiBSZWNvcmRSZXN1bHQ9IlRydWUiIENhY2hlPSJGYWxzZSIgUmVzcG9uc2VUaW1lR29hbD0iMCIgRW5jb2Rpbmc9InV0Zi04IiBFeHBlY3RlZEh0dHBTdGF0dXNDb2RlPSIwIiBFeHBlY3RlZFJlc3BvbnNlVXJsPSIiIFJlcG9ydGluZ05hbWU9IiIgSWdub3JlSHR0cFN0YXR1c0NvZGU9IkZhbHNlIj4NCiAgICAgICAgICA8UXVlcnlTdHJpbmdQYXJhbWV0ZXJzPg0KICAgICAgICAgICAgPFF1ZXJ5U3RyaW5nUGFyYW1ldGVyIE5hbWU9ImxpbWl0IiBWYWx1ZT0iOCIgUmVjb3JkZWRWYWx1ZT0iOCIgQ29ycmVsYXRpb25CaW5kaW5nPSIiIFVybEVuY29kZT0iRmFsc2UiIFVzZVRvR3JvdXBSZXN1bHRzPSJGYWxzZSIgLz4NCiAgICAgICAgICAgIDxRdWVyeVN0cmluZ1BhcmFtZXRlciBOYW1lPSJleGNsdWRlX3V1aWRzIiBWYWx1ZT0iIiBSZWNvcmRlZFZhbHVlPSIiIENvcnJlbGF0aW9uQmluZGluZz0iIiBVcmxFbmNvZGU9IkZhbHNlIiBVc2VUb0dyb3VwUmVzdWx0cz0iRmFsc2UiIC8+DQogICAgICAgICAgICA8UXVlcnlTdHJpbmdQYXJhbWV0ZXIgTmFtZT0icGFnZSIgVmFsdWU9IjEiIFJlY29yZGVkVmFsdWU9IjEiIENvcnJlbGF0aW9uQmluZGluZz0iIiBVcmxFbmNvZGU9IkZhbHNlIiBVc2VUb0dyb3VwUmVzdWx0cz0iRmFsc2UiIC8+DQogICAgICAgICAgPC9RdWVyeVN0cmluZ1BhcmFtZXRlcnM+DQogICAgICAgIDwvUmVxdWVzdD4NCiAgICAgICAgPFJlcXVlc3QgTWV0aG9kPSJPUFRJT05TIiBHdWlkPSJiYjgzMDlhYS1lYjZkLTQwODUtOGRiZC04YWQ0YjVlMDZhNTQiIFZlcnNpb249IjEuMSIgVXJsPSJodHRwczovL2xpc3RhcGkuYXJpcGFldi5lZS92MS9tb3N0LXZpZXdlZCIgVGhpbmtUaW1lPSIwIiBUaW1lb3V0PSIzMDAiIFBhcnNlRGVwZW5kZW50UmVxdWVzdHM9IlRydWUiIEZvbGxvd1JlZGlyZWN0cz0iVHJ1ZSIgUmVjb3JkUmVzdWx0PSJUcnVlIiBDYWNoZT0iRmFsc2UiIFJlc3BvbnNlVGltZUdvYWw9IjAiIEVuY29kaW5nPSJ1dGYtOCIgRXhwZWN0ZWRIdHRwU3RhdHVzQ29kZT0iMCIgRXhwZWN0ZWRSZXNwb25zZVVybD0iIiBSZXBvcnRpbmdOYW1lPSIiIElnbm9yZUh0dHBTdGF0dXNDb2RlPSJGYWxzZSI+DQogICAgICAgICAgPFF1ZXJ5U3RyaW5nUGFyYW1ldGVycz4NCiAgICAgICAgICAgIDxRdWVyeVN0cmluZ1BhcmFtZXRlciBOYW1lPSJwZXJpb2QiIFZhbHVlPSIxX2RheSIgUmVjb3JkZWRWYWx1ZT0iMV9kYXkiIENvcnJlbGF0aW9uQmluZGluZz0iIiBVcmxFbmNvZGU9IkZhbHNlIiBVc2VUb0dyb3VwUmVzdWx0cz0iRmFsc2UiIC8+DQogICAgICAgICAgPC9RdWVyeVN0cmluZ1BhcmFtZXRlcnM+DQogICAgICAgIDwvUmVxdWVzdD4NCiAgICAgICAgPFJlcXVlc3QgTWV0aG9kPSJHRVQiIEd1aWQ9ImY0ZTIwMTkyLTFjMWYtNGI2Zi1iY2Y5LWJkZjAxZTlkNDM0MiIgVmVyc2lvbj0iMS4xIiBVcmw9Imh0dHBzOi8vY29ubmVjdC5mYWNlYm9vay5uZXQvc2lnbmFscy9jb25maWcvNDQ0MzgxMzc1NzM4MDU1IiBUaGlua1RpbWU9IjAiIFRpbWVvdXQ9IjMwMCIgUGFyc2VEZXBlbmRlbnRSZXF1ZXN0cz0iVHJ1ZSIgRm9sbG93UmVkaXJlY3RzPSJUcnVlIiBSZWNvcmRSZXN1bHQ9IlRydWUiIENhY2hlPSJGYWxzZSIgUmVzcG9uc2VUaW1lR29hbD0iMCIgRW5jb2Rpbmc9InV0Zi04IiBFeHBlY3RlZEh0dHBTdGF0dXNDb2RlPSIwIiBFeHBlY3RlZFJlc3BvbnNlVXJsPSIiIFJlcG9ydGluZ05hbWU9IiIgSWdub3JlSHR0cFN0YXR1c0NvZGU9IkZhbHNlIj4NCiAgICAgICAgICA8SGVhZGVycz4NCiAgICAgICAgICAgIDxIZWFkZXIgTmFtZT0iUmVmZXJlciIgVmFsdWU9Imh0dHBzOi8vd3d3LmFyaXBhZXYuZWUvYm9yc2l1dWRpc2VkLzIwMTkvMDUvMTMvaGlpbmEtdmFzdHV0b2xsaWQtc3VydXNpZC11c2EtYm9yc2ktcG9sdmlsaSIgLz4NCiAgICAgICAgICA8L0hlYWRlcnM+DQogICAgICAgICAgPFF1ZXJ5U3RyaW5nUGFyYW1ldGVycz4NCiAgICAgICAgICAgIDxRdWVyeVN0cmluZ1BhcmFtZXRlciBOYW1lPSJ2IiBWYWx1ZT0iMi44LjQ3IiBSZWNvcmRlZFZhbHVlPSIyLjguNDciIENvcnJlbGF0aW9uQmluZGluZz0iIiBVcmxFbmNvZGU9IkZhbHNlIiBVc2VUb0dyb3VwUmVzdWx0cz0iRmFsc2UiIC8+DQogICAgICAgICAgICA8UXVlcnlTdHJpbmdQYXJhbWV0ZXIgTmFtZT0iciIgVmFsdWU9InN0YWJsZSIgUmVjb3JkZWRWYWx1ZT0ic3RhYmxlIiBDb3JyZWxhdGlvbkJpbmRpbmc9IiIgVXJsRW5jb2RlPSJGYWxzZSIgVXNlVG9Hcm91cFJlc3VsdHM9IkZhbHNlIiAvPg0KICAgICAgICAgIDwvUXVlcnlTdHJpbmdQYXJhbWV0ZXJzPg0KICAgICAgICA8L1JlcXVlc3Q+DQogICAgICAgIDxSZXF1ZXN0IE1ldGhvZD0iT1BUSU9OUyIgR3VpZD0iZTdkOGIxN2ItNzgyYS00MzBmLWI4MjAtMGM5NjViN2Y5ZjJkIiBWZXJzaW9uPSIxLjEiIFVybD0iaHR0cHM6Ly9ib25uaWVyYXdzLmRlcmdhbi5uZXQvZXZlbnQiIFRoaW5rVGltZT0iMCIgVGltZW91dD0iMzAwIiBQYXJzZURlcGVuZGVudFJlcXVlc3RzPSJUcnVlIiBGb2xsb3dSZWRpcmVjdHM9IlRydWUiIFJlY29yZFJlc3VsdD0iVHJ1ZSIgQ2FjaGU9IkZhbHNlIiBSZXNwb25zZVRpbWVHb2FsPSIwIiBFbmNvZGluZz0idXRmLTgiIEV4cGVjdGVkSHR0cFN0YXR1c0NvZGU9IjAiIEV4cGVjdGVkUmVzcG9uc2VVcmw9IiIgUmVwb3J0aW5nTmFtZT0iIiBJZ25vcmVIdHRwU3RhdHVzQ29kZT0iRmFsc2UiPg0KICAgICAgICAgIDxRdWVyeVN0cmluZ1BhcmFtZXRlcnM+DQogICAgICAgICAgICA8UXVlcnlTdHJpbmdQYXJhbWV0ZXIgTmFtZT0iZ3JvdXAiIFZhbHVlPSJBUkVFIiBSZWNvcmRlZFZhbHVlPSJBUkVFIiBDb3JyZWxhdGlvbkJpbmRpbmc9IiIgVXJsRW5jb2RlPSJGYWxzZSIgVXNlVG9Hcm91cFJlc3VsdHM9IkZhbHNlIiAvPg0KICAgICAgICAgIDwvUXVlcnlTdHJpbmdQYXJhbWV0ZXJzPg0KICAgICAgICA8L1JlcXVlc3Q+DQogICAgICAgIDxSZXF1ZXN0IE1ldGhvZD0iT1BUSU9OUyIgR3VpZD0iNTFjODViOGQtZWE3ZC00OTFiLWJhNzgtMGU5ZTk1YTdlM2QxIiBWZXJzaW9uPSIxLjEiIFVybD0iaHR0cHM6Ly9ib25uaWVyYXdzLmRlcmdhbi5uZXQvZnJlcSIgVGhpbmtUaW1lPSIwIiBUaW1lb3V0PSIzMDAiIFBhcnNlRGVwZW5kZW50UmVxdWVzdHM9IlRydWUiIEZvbGxvd1JlZGlyZWN0cz0iVHJ1ZSIgUmVjb3JkUmVzdWx0PSJUcnVlIiBDYWNoZT0iRmFsc2UiIFJlc3BvbnNlVGltZUdvYWw9IjAiIEVuY29kaW5nPSJ1dGYtOCIgRXhwZWN0ZWRIdHRwU3RhdHVzQ29kZT0iMCIgRXhwZWN0ZWRSZXNwb25zZVVybD0iIiBSZXBvcnRpbmdOYW1lPSIiIElnbm9yZUh0dHBTdGF0dXNDb2RlPSJGYWxzZSI+DQogICAgICAgICAgPFF1ZXJ5U3RyaW5nUGFyYW1ldGVycz4NCiAgICAgICAgICAgIDxRdWVyeVN0cmluZ1BhcmFtZXRlciBOYW1lPSJncm91cCIgVmFsdWU9IkFSRUUiIFJlY29yZGVkVmFsdWU9IkFSRUUiIENvcnJlbGF0aW9uQmluZGluZz0iIiBVcmxFbmNvZGU9IkZhbHNlIiBVc2VUb0dyb3VwUmVzdWx0cz0iRmFsc2UiIC8+DQogICAgICAgICAgPC9RdWVyeVN0cmluZ1BhcmFtZXRlcnM+DQogICAgICAgIDwvUmVxdWVzdD4NCiAgICAgIDwvRGVwZW5kZW50UmVxdWVzdHM+DQogICAgICA8SGVhZGVycz4NCiAgICAgICAgPEhlYWRlciBOYW1lPSJSZWZlcmVyIiBWYWx1ZT0iaHR0cHM6Ly9sb2dpbi5hcmlwYWV2LmVlL2dsb2JhbC1sb2dpbj9jb250aW51ZVVybD0lMkZPQXV0aCUyRkF1dGhvcml6ZSUzRmNsaWVudF9pZCUzRGFyaXBhZXYlMjZyZXNwb25zZV90eXBlJTNEY29kZSUyNnNjb3BlJTNEJTI1MkZVc2VyRGF0YVNlcnZpY2UlMjUyRmpzb24lMjUyRlByb2ZpbGUlMjUyMCUyNTJGVXNlckRhdGFTZXJ2aWNlJTI1MkZqc29uJTI1MkZQZXJtaXNzaW9ucyUyNTIwJTI1MkZVc2VyRGF0YVNlcnZpY2UlMjUyRmpzb24lMjUyRk9yZGVycyUyNnJlZGlyZWN0X3VyaSUzRGh0dHBzJTI1M0ElMjUyRiUyNTJGYWNjZXNzYXBpLmFyaXBhZXYuZWUlMjUyRnYyJTI1MkZsb2dpbiUyNTJGYXJpcGFldiUyNTNGcmVkaXJlY3RfdXJpJTI1M0RodHRwcyUyNTI1M0ElMjUyNTJGJTI1MjUyRnd3dy5hcmlwYWV2LmVlJTI1MjUyRmJvcnNpdXVkaXNlZCUyNTI1MkYyMDE5JTI1MjUyRjA1JTI1MjUyRjEzJTI1MjUyRmhpaW5hLXZhc3R1dG9sbGlkLXN1cnVzaWQtdXNhLWJvcnNpLXBvbHZpbGkiIC8+DQogICAgICA8L0hlYWRlcnM+DQogICAgICA8Q29ycmVsYXRpb25FeHRyYWN0aW9uUnVsZXM+DQogICAgICAgIDxFeHRyYWN0aW9uUnVsZSBDbGFzc25hbWU9Ik1pY3Jvc29mdC5WaXN1YWxTdHVkaW8uVGVzdFRvb2xzLldlYlRlc3RpbmcuUnVsZXMuRXh0cmFjdFRleHQsIE1pY3Jvc29mdC5WaXN1YWxTdHVkaW8uUXVhbGl0eVRvb2xzLldlYlRlc3RGcmFtZXdvcmssIFZlcnNpb249MTAuMC4wLjAsIEN1bHR1cmU9bmV1dHJhbCwgUHVibGljS2V5VG9rZW49YjAzZjVmN2YxMWQ1MGEzYSIgVmFyaWFibGVOYW1lPSJGb3JtUG9zdFBhcmFtMy5kbCIgRGlzcGxheU5hbWU9IiIgRGVzY3JpcHRpb249IiI+DQogICAgICAgICAgPFJ1bGVQYXJhbWV0ZXJzPg0KICAgICAgICAgICAgPFJ1bGVQYXJhbWV0ZXIgTmFtZT0iU3RhcnRzV2l0aCIgVmFsdWU9ImVudD0mcXVvdDsiIC8+DQogICAgICAgICAgICA8UnVsZVBhcmFtZXRlciBOYW1lPSJFbmRzV2l0aCIgVmFsdWU9IiZxdW90Oy8mZ3Q7Jmx0O20iIC8+DQogICAgICAgICAgICA8UnVsZVBhcmFtZXRlciBOYW1lPSJJbmRleCIgVmFsdWU9IjciIC8+DQogICAgICAgICAgICA8UnVsZVBhcmFtZXRlciBOYW1lPSJJZ25vcmVDYXNlIiBWYWx1ZT0iRmFsc2UiIC8+DQogICAgICAgICAgICA8UnVsZVBhcmFtZXRlciBOYW1lPSJVc2VSZWd1bGFyRXhwcmVzc2lvbiIgVmFsdWU9IkZhbHNlIiAvPg0KICAgICAgICAgICAgPFJ1bGVQYXJhbWV0ZXIgTmFtZT0iSHRtbERlY29kZSIgVmFsdWU9IlRydWUiIC8+DQogICAgICAgICAgICA8UnVsZVBhcmFtZXRlciBOYW1lPSJSZXF1aXJlZCIgVmFsdWU9IkZhbHNlIiAvPg0KICAgICAgICAgIDwvUnVsZVBhcmFtZXRlcnM+DQogICAgICAgIDwvRXh0cmFjdGlvblJ1bGU+DQogICAgICAgIDxFeHRyYWN0aW9uUnVsZSBDbGFzc25hbWU9Ik1pY3Jvc29mdC5WaXN1YWxTdHVkaW8uVGVzdFRvb2xzLldlYlRlc3RpbmcuUnVsZXMuRXh0cmFjdFRleHQsIE1pY3Jvc29mdC5WaXN1YWxTdHVkaW8uUXVhbGl0eVRvb2xzLldlYlRlc3RGcmFtZXdvcmssIFZlcnNpb249MTAuMC4wLjAsIEN1bHR1cmU9bmV1dHJhbCwgUHVibGljS2V5VG9rZW49YjAzZjVmN2YxMWQ1MGEzYSIgVmFyaWFibGVOYW1lPSJGb3JtUG9zdFBhcmFtNC5pZiIgRGlzcGxheU5hbWU9IiIgRGVzY3JpcHRpb249IiI+DQogICAgICAgICAgPFJ1bGVQYXJhbWV0ZXJzPg0KICAgICAgICAgICAgPFJ1bGVQYXJhbWV0ZXIgTmFtZT0iU3RhcnRzV2l0aCIgVmFsdWU9ImVudD0mcXVvdDsiIC8+DQogICAgICAgICAgICA8UnVsZVBhcmFtZXRlciBOYW1lPSJFbmRzV2l0aCIgVmFsdWU9IiZxdW90OyBocmUiIC8+DQogICAgICAgICAgICA8UnVsZVBhcmFtZXRlciBOYW1lPSJJbmRleCIgVmFsdWU9IjIwIiAvPg0KICAgICAgICAgICAgPFJ1bGVQYXJhbWV0ZXIgTmFtZT0iSWdub3JlQ2FzZSIgVmFsdWU9IkZhbHNlIiAvPg0KICAgICAgICAgICAgPFJ1bGVQYXJhbWV0ZXIgTmFtZT0iVXNlUmVndWxhckV4cHJlc3Npb24iIFZhbHVlPSJGYWxzZSIgLz4NCiAgICAgICAgICAgIDxSdWxlUGFyYW1ldGVyIE5hbWU9Ikh0bWxEZWNvZGUiIFZhbHVlPSJUcnVlIiAvPg0KICAgICAgICAgICAgPFJ1bGVQYXJhbWV0ZXIgTmFtZT0iUmVxdWlyZWQiIFZhbHVlPSJGYWxzZSIgLz4NCiAgICAgICAgICA8L1J1bGVQYXJhbWV0ZXJzPg0KICAgICAgICA8L0V4dHJhY3Rpb25SdWxlPg0KICAgICAgICA8RXh0cmFjdGlvblJ1bGUgQ2xhc3NuYW1lPSJNaWNyb3NvZnQuVmlzdWFsU3R1ZGlvLlRlc3RUb29scy5XZWJUZXN0aW5nLlJ1bGVzLkV4dHJhY3RUZXh0LCBNaWNyb3NvZnQuVmlzdWFsU3R1ZGlvLlF1YWxpdHlUb29scy5XZWJUZXN0RnJhbWV3b3JrLCBWZXJzaW9uPTEwLjAuMC4wLCBDdWx0dXJlPW5ldXRyYWwsIFB1YmxpY0tleVRva2VuPWIwM2Y1ZjdmMTFkNTBhM2EiIFZhcmlhYmxlTmFtZT0iRm9ybVBvc3RQYXJhbTUuY29vIiBEaXNwbGF5TmFtZT0iIiBEZXNjcmlwdGlvbj0iIj4NCiAgICAgICAgICA8UnVsZVBhcmFtZXRlcnM+DQogICAgICAgICAgICA8UnVsZVBhcmFtZXRlciBOYW1lPSJTdGFydHNXaXRoIiBWYWx1ZT0iZW50PSZxdW90OyIgLz4NCiAgICAgICAgICAgIDxSdWxlUGFyYW1ldGVyIE5hbWU9IkVuZHNXaXRoIiBWYWx1ZT0iJnF1b3Q7IGhyZSIgLz4NCiAgICAgICAgICAgIDxSdWxlUGFyYW1ldGVyIE5hbWU9IkluZGV4IiBWYWx1ZT0iMjAiIC8+DQogICAgICAgICAgICA8UnVsZVBhcmFtZXRlciBOYW1lPSJJZ25vcmVDYXNlIiBWYWx1ZT0iRmFsc2UiIC8+DQogICAgICAgICAgICA8UnVsZVBhcmFtZXRlciBOYW1lPSJVc2VSZWd1bGFyRXhwcmVzc2lvbiIgVmFsdWU9IkZhbHNlIiAvPg0KICAgICAgICAgICAgPFJ1bGVQYXJhbWV0ZXIgTmFtZT0iSHRtbERlY29kZSIgVmFsdWU9IlRydWUiIC8+DQogICAgICAgICAgICA8UnVsZVBhcmFtZXRlciBOYW1lPSJSZXF1aXJlZCIgVmFsdWU9IkZhbHNlIiAvPg0KICAgICAgICAgIDwvUnVsZVBhcmFtZXRlcnM+DQogICAgICAgIDwvRXh0cmFjdGlvblJ1bGU+DQogICAgICAgIDxFeHRyYWN0aW9uUnVsZSBDbGFzc25hbWU9Ik1pY3Jvc29mdC5WaXN1YWxTdHVkaW8uVGVzdFRvb2xzLldlYlRlc3RpbmcuUnVsZXMuRXh0cmFjdFRleHQsIE1pY3Jvc29mdC5WaXN1YWxTdHVkaW8uUXVhbGl0eVRvb2xzLldlYlRlc3RGcmFtZXdvcmssIFZlcnNpb249MTAuMC4wLjAsIEN1bHR1cmU9bmV1dHJhbCwgUHVibGljS2V5VG9rZW49YjAzZjVmN2YxMWQ1MGEzYSIgVmFyaWFibGVOYW1lPSJGb3JtUG9zdFBhcmFtNy5kbCIgRGlzcGxheU5hbWU9IiIgRGVzY3JpcHRpb249IiI+DQogICAgICAgICAgPFJ1bGVQYXJhbWV0ZXJzPg0KICAgICAgICAgICAgPFJ1bGVQYXJhbWV0ZXIgTmFtZT0iU3RhcnRzV2l0aCIgVmFsdWU9ImVudD0mcXVvdDsiIC8+DQogICAgICAgICAgICA8UnVsZVBhcmFtZXRlciBOYW1lPSJFbmRzV2l0aCIgVmFsdWU9IiZxdW90Oy8mZ3Q7Jmx0O20iIC8+DQogICAgICAgICAgICA8UnVsZVBhcmFtZXRlciBOYW1lPSJJbmRleCIgVmFsdWU9IjciIC8+DQogICAgICAgICAgICA8UnVsZVBhcmFtZXRlciBOYW1lPSJJZ25vcmVDYXNlIiBWYWx1ZT0iRmFsc2UiIC8+DQogICAgICAgICAgICA8UnVsZVBhcmFtZXRlciBOYW1lPSJVc2VSZWd1bGFyRXhwcmVzc2lvbiIgVmFsdWU9IkZhbHNlIiAvPg0KICAgICAgICAgICAgPFJ1bGVQYXJhbWV0ZXIgTmFtZT0iSHRtbERlY29kZSIgVmFsdWU9IlRydWUiIC8+DQogICAgICAgICAgICA8UnVsZVBhcmFtZXRlciBOYW1lPSJSZXF1aXJlZCIgVmFsdWU9IkZhbHNlIiAvPg0KICAgICAgICAgIDwvUnVsZVBhcmFtZXRlcnM+DQogICAgICAgIDwvRXh0cmFjdGlvblJ1bGU+DQogICAgICAgIDxFeHRyYWN0aW9uUnVsZSBDbGFzc25hbWU9Ik1pY3Jvc29mdC5WaXN1YWxTdHVkaW8uVGVzdFRvb2xzLldlYlRlc3RpbmcuUnVsZXMuRXh0cmFjdFRleHQsIE1pY3Jvc29mdC5WaXN1YWxTdHVkaW8uUXVhbGl0eVRvb2xzLldlYlRlc3RGcmFtZXdvcmssIFZlcnNpb249MTAuMC4wLjAsIEN1bHR1cmU9bmV1dHJhbCwgUHVibGljS2V5VG9rZW49YjAzZjVmN2YxMWQ1MGEzYSIgVmFyaWFibGVOYW1lPSJGb3JtUG9zdFBhcmFtOC5pZiIgRGlzcGxheU5hbWU9IiIgRGVzY3JpcHRpb249IiI+DQogICAgICAgICAgPFJ1bGVQYXJhbWV0ZXJzPg0KICAgICAgICAgICAgPFJ1bGVQYXJhbWV0ZXIgTmFtZT0iU3RhcnRzV2l0aCIgVmFsdWU9ImVudD0mcXVvdDsiIC8+DQogICAgICAgICAgICA8UnVsZVBhcmFtZXRlciBOYW1lPSJFbmRzV2l0aCIgVmFsdWU9IiZxdW90OyBocmUiIC8+DQogICAgICAgICAgICA8UnVsZVBhcmFtZXRlciBOYW1lPSJJbmRleCIgVmFsdWU9IjIwIiAvPg0KICAgICAgICAgICAgPFJ1bGVQYXJhbWV0ZXIgTmFtZT0iSWdub3JlQ2FzZSIgVmFsdWU9IkZhbHNlIiAvPg0KICAgICAgICAgICAgPFJ1bGVQYXJhbWV0ZXIgTmFtZT0iVXNlUmVndWxhckV4cHJlc3Npb24iIFZhbHVlPSJGYWxzZSIgLz4NCiAgICAgICAgICAgIDxSdWxlUGFyYW1ldGVyIE5hbWU9Ikh0bWxEZWNvZGUiIFZhbHVlPSJUcnVlIiAvPg0KICAgICAgICAgICAgPFJ1bGVQYXJhbWV0ZXIgTmFtZT0iUmVxdWlyZWQiIFZhbHVlPSJGYWxzZSIgLz4NCiAgICAgICAgICA8L1J1bGVQYXJhbWV0ZXJzPg0KICAgICAgICA8L0V4dHJhY3Rpb25SdWxlPg0KICAgICAgICA8RXh0cmFjdGlvblJ1bGUgQ2xhc3NuYW1lPSJNaWNyb3NvZnQuVmlzdWFsU3R1ZGlvLlRlc3RUb29scy5XZWJUZXN0aW5nLlJ1bGVzLkV4dHJhY3RUZXh0LCBNaWNyb3NvZnQuVmlzdWFsU3R1ZGlvLlF1YWxpdHlUb29scy5XZWJUZXN0RnJhbWV3b3JrLCBWZXJzaW9uPTEwLjAuMC4wLCBDdWx0dXJlPW5ldXRyYWwsIFB1YmxpY0tleVRva2VuPWIwM2Y1ZjdmMTFkNTBhM2EiIFZhcmlhYmxlTmFtZT0iRm9ybVBvc3RQYXJhbTkuY29vIiBEaXNwbGF5TmFtZT0iIiBEZXNjcmlwdGlvbj0iIj4NCiAgICAgICAgICA8UnVsZVBhcmFtZXRlcnM+DQogICAgICAgICAgICA8UnVsZVBhcmFtZXRlciBOYW1lPSJTdGFydHNXaXRoIiBWYWx1ZT0iZW50PSZxdW90OyIgLz4NCiAgICAgICAgICAgIDxSdWxlUGFyYW1ldGVyIE5hbWU9IkVuZHNXaXRoIiBWYWx1ZT0iJnF1b3Q7IGhyZSIgLz4NCiAgICAgICAgICAgIDxSdWxlUGFyYW1ldGVyIE5hbWU9IkluZGV4IiBWYWx1ZT0iMjAiIC8+DQogICAgICAgICAgICA8UnVsZVBhcmFtZXRlciBOYW1lPSJJZ25vcmVDYXNlIiBWYWx1ZT0iRmFsc2UiIC8+DQogICAgICAgICAgICA8UnVsZVBhcmFtZXRlciBOYW1lPSJVc2VSZWd1bGFyRXhwcmVzc2lvbiIgVmFsdWU9IkZhbHNlIiAvPg0KICAgICAgICAgICAgPFJ1bGVQYXJhbWV0ZXIgTmFtZT0iSHRtbERlY29kZSIgVmFsdWU9IlRydWUiIC8+DQogICAgICAgICAgICA8UnVsZVBhcmFtZXRlciBOYW1lPSJSZXF1aXJlZCIgVmFsdWU9IkZhbHNlIiAvPg0KICAgICAgICAgIDwvUnVsZVBhcmFtZXRlcnM+DQogICAgICAgIDwvRXh0cmFjdGlvblJ1bGU+DQogICAgICA8L0NvcnJlbGF0aW9uRXh0cmFjdGlvblJ1bGVzPg0KICAgICAgPFF1ZXJ5U3RyaW5nUGFyYW1ldGVycz4NCiAgICAgICAgPFF1ZXJ5U3RyaW5nUGFyYW1ldGVyIE5hbWU9ImNsaWVudF9pZCIgVmFsdWU9ImFyaXBhZXYiIFJlY29yZGVkVmFsdWU9ImFyaXBhZXYiIENvcnJlbGF0aW9uQmluZGluZz0ie3tRdWVyeVN0cmluZ1BhcmFtNjc1LmNsaWVudF9pZH19IiBVcmxFbmNvZGU9IkZhbHNlIiBVc2VUb0dyb3VwUmVzdWx0cz0iRmFsc2UiIC8+DQogICAgICAgIDxRdWVyeVN0cmluZ1BhcmFtZXRlciBOYW1lPSJyZXNwb25zZV90eXBlIiBWYWx1ZT0iY29kZSIgUmVjb3JkZWRWYWx1ZT0iY29kZSIgQ29ycmVsYXRpb25CaW5kaW5nPSJ7e1F1ZXJ5U3RyaW5nUGFyYW02NzYucmVzcG9uc2VfdHlwZX19IiBVcmxFbmNvZGU9IkZhbHNlIiBVc2VUb0dyb3VwUmVzdWx0cz0iRmFsc2UiIC8+DQogICAgICAgIDxRdWVyeVN0cmluZ1BhcmFtZXRlciBOYW1lPSJzY29wZSIgVmFsdWU9IiUyRlVzZXJEYXRhU2VydmljZSUyRmpzb24lMkZQcm9maWxlJTIwJTJGVXNlckRhdGFTZXJ2aWNlJTJGanNvbiUyRlBlcm1pc3Npb25zJTIwJTJGVXNlckRhdGFTZXJ2aWNlJTJGanNvbiUyRk9yZGVycyIgUmVjb3JkZWRWYWx1ZT0iJTJGVXNlckRhdGFTZXJ2aWNlJTJGanNvbiUyRlByb2ZpbGUlMjAlMkZVc2VyRGF0YVNlcnZpY2UlMkZqc29uJTJGUGVybWlzc2lvbnMlMjAlMkZVc2VyRGF0YVNlcnZpY2UlMkZqc29uJTJGT3JkZXJzIiBDb3JyZWxhdGlvbkJpbmRpbmc9Int7UXVlcnlTdHJpbmdQYXJhbTY3Ny5zY29wZX19IiBVcmxFbmNvZGU9IkZhbHNlIiBVc2VUb0dyb3VwUmVzdWx0cz0iRmFsc2UiIC8+DQogICAgICAgIDxRdWVyeVN0cmluZ1BhcmFtZXRlciBOYW1lPSJyZWRpcmVjdF91cmkiIFZhbHVlPSJodHRwcyUzQSUyRiUyRmFjY2Vzc2FwaS5hcmlwYWV2LmVlJTJGdjIlMkZsb2dpbiUyRmFyaXBhZXYlM0ZyZWRpcmVjdF91cmklM0RodHRwcyUyNTNBJTI1MkYlMjUyRnd3dy5hcmlwYWV2LmVlJTI1MkZib3JzaXV1ZGlzZWQlMjUyRjIwMTklMjUyRjA1JTI1MkYxMyUyNTJGaGlpbmEtdmFzdHV0b2xsaWQtc3VydXNpZC11c2EtYm9yc2ktcG9sdmlsaSIgUmVjb3JkZWRWYWx1ZT0iaHR0cHMlM0ElMkYlMkZhY2Nlc3NhcGkuYXJpcGFldi5lZSUyRnYyJTJGbG9naW4lMkZhcmlwYWV2JTNGcmVkaXJlY3RfdXJpJTNEaHR0cHMlMjUzQSUyNTJGJTI1MkZ3d3cuYXJpcGFldi5lZSUyNTJGYm9yc2l1dWRpc2VkJTI1MkYyMDE5JTI1MkYwNSUyNTJGMTMlMjUyRmhpaW5hLXZhc3R1dG9sbGlkLXN1cnVzaWQtdXNhLWJvcnNpLXBvbHZpbGkiIENvcnJlbGF0aW9uQmluZGluZz0ie3tRdWVyeVN0cmluZ1BhcmFtNjc4LnJlZGlyZWN0X3VyaX19IiBVcmxFbmNvZGU9IkZhbHNlIiBVc2VUb0dyb3VwUmVzdWx0cz0iRmFsc2UiIC8+DQogICAgICA8L1F1ZXJ5U3RyaW5nUGFyYW1ldGVycz4NCiAgICA8L1JlcXVlc3Q+DQogICAgPFJlcXVlc3QgTWV0aG9kPSJHRVQiIEd1aWQ9IjU5ZTMwZDg5LWNlYzYtNDM4NC04NDU0LWZmOWVlZTMxYzkzOCIgVmVyc2lvbj0iMS4xIiBVcmw9Imh0dHBzOi8vd3d3LmFyaXBhZXYuZWUvYm9yc2l1dWRpc2VkLzIwMTkvMDUvMTMvaGlpbmEtdmFzdHV0b2xsaWQtc3VydXNpZC11c2EtYm9yc2ktcG9sdmlsaSIgVGhpbmtUaW1lPSIwIiBUaW1lb3V0PSIzMDAiIFBhcnNlRGVwZW5kZW50UmVxdWVzdHM9IlRydWUiIEZvbGxvd1JlZGlyZWN0cz0iVHJ1ZSIgUmVjb3JkUmVzdWx0PSJUcnVlIiBDYWNoZT0iRmFsc2UiIFJlc3BvbnNlVGltZUdvYWw9IjAiIEVuY29kaW5nPSJ1dGYtOCIgRXhwZWN0ZWRIdHRwU3RhdHVzQ29kZT0iMCIgRXhwZWN0ZWRSZXNwb25zZVVybD0iIiBSZXBvcnRpbmdOYW1lPSIiIElnbm9yZUh0dHBTdGF0dXNDb2RlPSJGYWxzZSI+DQogICAgICA8SGVhZGVycz4NCiAgICAgICAgPEhlYWRlciBOYW1lPSJSZWZlcmVyIiBWYWx1ZT0iaHR0cHM6Ly9sb2dpbi5hcmlwYWV2LmVlL2dsb2JhbC1sb2dvdXQ/Y29udGludWVVcmw9aHR0cHMlM0ElMkYlMkZ3d3cuYXJpcGFldi5lZSUyRmJvcnNpdXVkaXNlZCUyRjIwMTklMkYwNSUyRjEzJTJGaGlpbmEtdmFzdHV0b2xsaWQtc3VydXNpZC11c2EtYm9yc2ktcG9sdmlsaSIgLz4NCiAgICAgIDwvSGVhZGVycz4NCiAgICAgIDxWYWxpZGF0aW9uUnVsZXM+DQogICAgICAgIDxWYWxpZGF0aW9uUnVsZSBDbGFzc25hbWU9Ik1pY3Jvc29mdC5WaXN1YWxTdHVkaW8uVGVzdFRvb2xzLldlYlRlc3RpbmcuUnVsZXMuVmFsaWRhdGlvblJ1bGVGaW5kVGV4dCwgTWljcm9zb2Z0LlZpc3VhbFN0dWRpby5RdWFsaXR5VG9vbHMuV2ViVGVzdEZyYW1ld29yaywgVmVyc2lvbj0xMC4wLjAuMCwgQ3VsdHVyZT1uZXV0cmFsLCBQdWJsaWNLZXlUb2tlbj1iMDNmNWY3ZjExZDUwYTNhIiBEaXNwbGF5TmFtZT0iRmluZCBUZXh0IiBEZXNjcmlwdGlvbj0iVmVyaWZpZXMgdGhlIGV4aXN0ZW5jZSBvZiB0aGUgc3BlY2lmaWVkIHRleHQgaW4gdGhlIHJlc3BvbnNlLiIgTGV2ZWw9IkhpZ2giIEV4ZWN0dWlvbk9yZGVyPSJCZWZvcmVEZXBlbmRlbnRzIj4NCiAgICAgICAgICA8UnVsZVBhcmFtZXRlcnM+DQogICAgICAgICAgICA8UnVsZVBhcmFtZXRlciBOYW1lPSJGaW5kVGV4dCIgVmFsdWU9IjI1cHJvdHNlbmRpbmUiIC8+DQogICAgICAgICAgICA8UnVsZVBhcmFtZXRlciBOYW1lPSJJZ25vcmVDYXNlIiBWYWx1ZT0iRmFsc2UiIC8+DQogICAgICAgICAgICA8UnVsZVBhcmFtZXRlciBOYW1lPSJVc2VSZWd1bGFyRXhwcmVzc2lvbiIgVmFsdWU9IkZhbHNlIiAvPg0KICAgICAgICAgICAgPFJ1bGVQYXJhbWV0ZXIgTmFtZT0iUGFzc0lmVGV4dEZvdW5kIiBWYWx1ZT0iVHJ1ZSIgLz4NCiAgICAgICAgICA8L1J1bGVQYXJhbWV0ZXJzPg0KICAgICAgICA8L1ZhbGlkYXRpb25SdWxlPg0KICAgICAgPC9WYWxpZGF0aW9uUnVsZXM+DQogICAgPC9SZXF1ZXN0Pg0KICAgIDxSZXF1ZXN0IE1ldGhvZD0iR0VUIiBHdWlkPSJjMTRlM2EzNS01Mzc2LTQ5OGQtODdjOS04MTRkYWQ2MWYyZDUiIFZlcnNpb249IjEuMSIgVXJsPSJodHRwczovL2xvZ2luLmFyaXBhZXYuZWUvQWNjb3VudC9Mb2dvdXQiIFRoaW5rVGltZT0iMCIgVGltZW91dD0iMzAwIiBQYXJzZURlcGVuZGVudFJlcXVlc3RzPSJUcnVlIiBGb2xsb3dSZWRpcmVjdHM9IlRydWUiIFJlY29yZFJlc3VsdD0iVHJ1ZSIgQ2FjaGU9IkZhbHNlIiBSZXNwb25zZVRpbWVHb2FsPSIwIiBFbmNvZGluZz0idXRmLTgiIEV4cGVjdGVkSHR0cFN0YXR1c0NvZGU9IjAiIEV4cGVjdGVkUmVzcG9uc2VVcmw9Imh0dHBzOi8vbG9naW4uYXJpcGFldi5lZS9nbG9iYWwtbG9nb3V0P2NvbnRpbnVlVXJsPWh0dHBzJTNBJTJGJTJGd3d3LmFyaXBhZXYuZWUlMkZib3JzaXV1ZGlzZWQlMkYyMDE5JTJGMDUlMkYxMyUyRmhpaW5hLXZhc3R1dG9sbGlkLXN1cnVzaWQtdXNhLWJvcnNpLXBvbHZpbGkiIFJlcG9ydGluZ05hbWU9IiIgSWdub3JlSHR0cFN0YXR1c0NvZGU9IkZhbHNlIj4NCiAgICAgIDxRdWVyeVN0cmluZ1BhcmFtZXRlcnM+DQogICAgICAgIDxRdWVyeVN0cmluZ1BhcmFtZXRlciBOYW1lPSJyZXR1cm5VcmwiIFZhbHVlPSJodHRwcyUzQSUyRiUyRnd3dy5hcmlwYWV2LmVlJTJGYm9yc2l1dWRpc2VkJTJGMjAxOSUyRjA1JTJGMTMlMkZoaWluYS12YXN0dXRvbGxpZC1zdXJ1c2lkLXVzYS1ib3JzaS1wb2x2aWxpIiBSZWNvcmRlZFZhbHVlPSJodHRwcyUzQSUyRiUyRnd3dy5hcmlwYWV2LmVlJTJGYm9yc2l1dWRpc2VkJTJGMjAxOSUyRjA1JTJGMTMlMkZoaWluYS12YXN0dXRvbGxpZC1zdXJ1c2lkLXVzYS1ib3JzaS1wb2x2aWxpIiBDb3JyZWxhdGlvbkJpbmRpbmc9IiIgVXJsRW5jb2RlPSJGYWxzZSIgVXNlVG9Hcm91cFJlc3VsdHM9IkZhbHNlIiAvPg0KICAgICAgPC9RdWVyeVN0cmluZ1BhcmFtZXRlcnM+DQogICAgPC9SZXF1ZXN0Pg0KICAgIDxSZXF1ZXN0IE1ldGhvZD0iUE9TVCIgR3VpZD0iY2U2N2VlN2ItOTgzNi00Y2JhLTlmNzMtMjg1ZDYzMjNmZDc4IiBWZXJzaW9uPSIxLjEiIFVybD0iaHR0cHM6Ly93d3cuYXJpcGFldi5lZS9hcGkvbG9nb3V0IiBUaGlua1RpbWU9IjAiIFRpbWVvdXQ9IjMwMCIgUGFyc2VEZXBlbmRlbnRSZXF1ZXN0cz0iVHJ1ZSIgRm9sbG93UmVkaXJlY3RzPSJUcnVlIiBSZWNvcmRSZXN1bHQ9IlRydWUiIENhY2hlPSJGYWxzZSIgUmVzcG9uc2VUaW1lR29hbD0iMCIgRW5jb2Rpbmc9InV0Zi04IiBFeHBlY3RlZEh0dHBTdGF0dXNDb2RlPSIwIiBFeHBlY3RlZFJlc3BvbnNlVXJsPSIiIFJlcG9ydGluZ05hbWU9IiIgSWdub3JlSHR0cFN0YXR1c0NvZGU9IkZhbHNlIj4NCiAgICAgIDxIZWFkZXJzPg0KICAgICAgICA8SGVhZGVyIE5hbWU9IlJlZmVyZXIiIFZhbHVlPSJodHRwczovL3d3dy5hcmlwYWV2LmVlL2JvcnNpdXVkaXNlZC8yMDE5LzA1LzEzL2hpaW5hLXZhc3R1dG9sbGlkLXN1cnVzaWQtdXNhLWJvcnNpLXBvbHZpbGkiIC8+DQogICAgICA8L0hlYWRlcnM+DQogICAgICA8U3RyaW5nSHR0cEJvZHkgQ29udGVudFR5cGU9ImFwcGxpY2F0aW9uL2pzb24iIEluc2VydEJ5dGVPcmRlck1hcms9IkZhbHNlIj4NCiAgICAgIDwvU3RyaW5nSHR0cEJvZHk+DQogICAgPC9SZXF1ZXN0Pg0KICAgIDxSZXF1ZXN0IE1ldGhvZD0iR0VUIiBHdWlkPSIwOTc3MjFlZi1iMDEzLTQ3N2MtOGM0MS05NTk4YTE4YjViNjkiIFZlcnNpb249IjEuMSIgVXJsPSJodHRwczovL3Bvb2QuYXJpcGFldi5lZS9Tc28vR2xvYmFsTG9nb3V0IiBUaGlua1RpbWU9IjAiIFRpbWVvdXQ9IjMwMCIgUGFyc2VEZXBlbmRlbnRSZXF1ZXN0cz0iVHJ1ZSIgRm9sbG93UmVkaXJlY3RzPSJUcnVlIiBSZWNvcmRSZXN1bHQ9IlRydWUiIENhY2hlPSJGYWxzZSIgUmVzcG9uc2VUaW1lR29hbD0iMCIgRW5jb2Rpbmc9InV0Zi04IiBFeHBlY3RlZEh0dHBTdGF0dXNDb2RlPSIwIiBFeHBlY3RlZFJlc3BvbnNlVXJsPSIiIFJlcG9ydGluZ05hbWU9IiIgSWdub3JlSHR0cFN0YXR1c0NvZGU9IkZhbHNlIj4NCiAgICAgIDxIZWFkZXJzPg0KICAgICAgICA8SGVhZGVyIE5hbWU9IkFjY2VwdCIgVmFsdWU9ImFwcGxpY2F0aW9uL2pzb24sIHRleHQvamF2YXNjcmlwdCwgKi8qOyBxPTAuMDEiIC8+DQogICAgICAgIDxIZWFkZXIgTmFtZT0iUmVmZXJlciIgVmFsdWU9Imh0dHBzOi8vbG9naW4uYXJpcGFldi5lZS9nbG9iYWwtbG9nb3V0P2NvbnRpbnVlVXJsPWh0dHBzJTNBJTJGJTJGd3d3LmFyaXBhZXYuZWUlMkZib3JzaXV1ZGlzZWQlMkYyMDE5JTJGMDUlMkYxMyUyRmhpaW5hLXZhc3R1dG9sbGlkLXN1cnVzaWQtdXNhLWJvcnNpLXBvbHZpbGkiIC8+DQogICAgICA8L0hlYWRlcnM+DQogICAgICA8UXVlcnlTdHJpbmdQYXJhbWV0ZXJzPg0KICAgICAgICA8UXVlcnlTdHJpbmdQYXJhbWV0ZXIgTmFtZT0iXyIgVmFsdWU9IjE1NTc5MDU5ODUyOTUiIFJlY29yZGVkVmFsdWU9IjE1NTc5MDU5ODUyOTUiIENvcnJlbGF0aW9uQmluZGluZz0iIiBVcmxFbmNvZGU9IkZhbHNlIiBVc2VUb0dyb3VwUmVzdWx0cz0iRmFsc2UiIC8+DQogICAgICA8L1F1ZXJ5U3RyaW5nUGFyYW1ldGVycz4NCiAgICA8L1JlcXVlc3Q+DQogICAgPFJlcXVlc3QgTWV0aG9kPSJHRVQiIEd1aWQ9IjVlMjZiNmI1LWY1YzItNDk3Yy1iOTJiLTkxOGViNDA3NjhmMyIgVmVyc2lvbj0iMS4xIiBVcmw9Imh0dHBzOi8vaW5mb3BhbmsuZWUvU3NvL0dsb2JhbExvZ291dCIgVGhpbmtUaW1lPSIwIiBUaW1lb3V0PSIzMDAiIFBhcnNlRGVwZW5kZW50UmVxdWVzdHM9IlRydWUiIEZvbGxvd1JlZGlyZWN0cz0iVHJ1ZSIgUmVjb3JkUmVzdWx0PSJUcnVlIiBDYWNoZT0iRmFsc2UiIFJlc3BvbnNlVGltZUdvYWw9IjAiIEVuY29kaW5nPSJ1dGYtOCIgRXhwZWN0ZWRIdHRwU3RhdHVzQ29kZT0iMCIgRXhwZWN0ZWRSZXNwb25zZVVybD0iIiBSZXBvcnRpbmdOYW1lPSIiIElnbm9yZUh0dHBTdGF0dXNDb2RlPSJGYWxzZSI+DQogICAgICA8SGVhZGVycz4NCiAgICAgICAgPEhlYWRlciBOYW1lPSJBY2NlcHQiIFZhbHVlPSJhcHBsaWNhdGlvbi9qc29uLCB0ZXh0L2phdmFzY3JpcHQsICovKjsgcT0wLjAxIiAvPg0KICAgICAgICA8SGVhZGVyIE5hbWU9IlJlZmVyZXIiIFZhbHVlPSJodHRwczovL2xvZ2luLmFyaXBhZXYuZWUvZ2xvYmFsLWxvZ291dD9jb250aW51ZVVybD1odHRwcyUzQSUyRiUyRnd3dy5hcmlwYWV2LmVlJTJGYm9yc2l1dWRpc2VkJTJGMjAxOSUyRjA1JTJGMTMlMkZoaWluYS12YXN0dXRvbGxpZC1zdXJ1c2lkLXVzYS1ib3JzaS1wb2x2aWxpIiAvPg0KICAgICAgPC9IZWFkZXJzPg0KICAgICAgPFF1ZXJ5U3RyaW5nUGFyYW1ldGVycz4NCiAgICAgICAgPFF1ZXJ5U3RyaW5nUGFyYW1ldGVyIE5hbWU9Il8iIFZhbHVlPSIxNTU3OTA1OTg1Mjk2IiBSZWNvcmRlZFZhbHVlPSIxNTU3OTA1OTg1Mjk2IiBDb3JyZWxhdGlvbkJpbmRpbmc9IiIgVXJsRW5jb2RlPSJGYWxzZSIgVXNlVG9Hcm91cFJlc3VsdHM9IkZhbHNlIiAvPg0KICAgICAgPC9RdWVyeVN0cmluZ1BhcmFtZXRlcnM+DQogICAgPC9SZXF1ZXN0Pg0KICA8L0l0ZW1zPg0KICA8VmFsaWRhdGlvblJ1bGVzPg0KICAgIDxWYWxpZGF0aW9uUnVsZSBDbGFzc25hbWU9Ik1pY3Jvc29mdC5WaXN1YWxTdHVkaW8uVGVzdFRvb2xzLldlYlRlc3RpbmcuUnVsZXMuVmFsaWRhdGVSZXNwb25zZVVybCwgTWljcm9zb2Z0LlZpc3VhbFN0dWRpby5RdWFsaXR5VG9vbHMuV2ViVGVzdEZyYW1ld29yaywgVmVyc2lvbj0xMC4wLjAuMCwgQ3VsdHVyZT1uZXV0cmFsLCBQdWJsaWNLZXlUb2tlbj1iMDNmNWY3ZjExZDUwYTNhIiBEaXNwbGF5TmFtZT0iUmVzcG9uc2UgVVJMIiBEZXNjcmlwdGlvbj0iVmFsaWRhdGVzIHRoYXQgdGhlIHJlc3BvbnNlIFVSTCBhZnRlciByZWRpcmVjdHMgYXJlIGZvbGxvd2VkIGlzIHRoZSBzYW1lIGFzIHRoZSByZWNvcmRlZCByZXNwb25zZSBVUkwuICBRdWVyeVN0cmluZyBwYXJhbWV0ZXJzIGFyZSBpZ25vcmVkLiIgTGV2ZWw9IkxvdyIgRXhlY3R1aW9uT3JkZXI9IkJlZm9yZURlcGVuZGVudHMiIC8+DQogICAgPFZhbGlkYXRpb25SdWxlIENsYXNzbmFtZT0iTWljcm9zb2Z0LlZpc3VhbFN0dWRpby5UZXN0VG9vbHMuV2ViVGVzdGluZy5SdWxlcy5WYWxpZGF0aW9uUnVsZVJlc3BvbnNlVGltZUdvYWwsIE1pY3Jvc29mdC5WaXN1YWxTdHVkaW8uUXVhbGl0eVRvb2xzLldlYlRlc3RGcmFtZXdvcmssIFZlcnNpb249MTAuMC4wLjAsIEN1bHR1cmU9bmV1dHJhbCwgUHVibGljS2V5VG9rZW49YjAzZjVmN2YxMWQ1MGEzYSIgRGlzcGxheU5hbWU9IlJlc3BvbnNlIFRpbWUgR29hbCIgRGVzY3JpcHRpb249IlZhbGlkYXRlcyB0aGF0IHRoZSByZXNwb25zZSB0aW1lIGZvciB0aGUgcmVxdWVzdCBpcyBsZXNzIHRoYW4gb3IgZXF1YWwgdG8gdGhlIHJlc3BvbnNlIHRpbWUgZ29hbCBhcyBzcGVjaWZpZWQgb24gdGhlIHJlcXVlc3QuICBSZXNwb25zZSB0aW1lIGdvYWxzIG9mIHplcm8gd2lsbCBiZSBpZ25vcmVkLiIgTGV2ZWw9IkxvdyIgRXhlY3R1aW9uT3JkZXI9IkFmdGVyRGVwZW5kZW50cyI+DQogICAgICA8UnVsZVBhcmFtZXRlcnM+DQogICAgICAgIDxSdWxlUGFyYW1ldGVyIE5hbWU9IlRvbGVyYW5jZSIgVmFsdWU9IjAiIC8+DQogICAgICA8L1J1bGVQYXJhbWV0ZXJzPg0KICAgIDwvVmFsaWRhdGlvblJ1bGU+DQogIDwvVmFsaWRhdGlvblJ1bGVzPg0KICA8V2ViVGVzdFBsdWdpbnM+DQogICAgPFdlYlRlc3RQbHVnaW4gQ2xhc3NuYW1lPSJBcEFwaVRlc3RQbHVnaW4uQXBBcGlUZXN0UGx1Z2luLCBBUF9BcnRpY2xlX1dlYl9UZXN0LCBWZXJzaW9uPTEuMC4wLjAsIEN1bHR1cmU9bmV1dHJhbCwgUHVibGljS2V5VG9rZW49bnVsbCIgRGlzcGxheU5hbWU9IkFwQXBpVGVzdFBsdWdpbiIgRGVzY3JpcHRpb249IiIgLz4NCiAgPC9XZWJUZXN0UGx1Z2lucz4NCjwvV2ViVGVzdD4=">
      <Execution id="ab9a1f42-f7d4-475c-bd4c-c0d5d648c7b2" />
    </WebTest>
  </TestDefinitions>
  <TestLists>
    <TestList name="Results Not in a List" id="8c84fa94-04c1-424b-9868-57a2d4851a1d" />
    <TestList name="All Loaded Results" id="19431567-8539-422a-85d7-44ee4e166bda" />
  </TestLists>
  <TestEntries>
    <TestEntry isTransparent="false" testId="be3755a5-d592-4f89-a0ca-1817fa5ffeda" executionId="ab9a1f42-f7d4-475c-bd4c-c0d5d648c7b2" testListId="8c84fa94-04c1-424b-9868-57a2d4851a1d" />
  </TestEntries>
  <Results>
    <WebTestResult executionId="ab9a1f42-f7d4-475c-bd4c-c0d5d648c7b2" testId="be3755a5-d592-4f89-a0ca-1817fa5ffeda" testName="AAArticleViewAndLoginTest Wpopulaarsedtest" computerName="UPTIME08658" duration="00:00:10.4700990" startTime="2019-05-29T12:28:23.0685282+03:00" endTime="2019-05-29T12:28:44.1911343+03:00" testType="4e7599fa-5ecb-43e9-a887-cd63cf72d207" outcome="Failed" testListId="8c84fa94-04c1-424b-9868-57a2d4851a1d" relativeResultsDirectory="ab9a1f42-f7d4-475c-bd4c-c0d5d648c7b2">
      <Output>
        <ErrorInfo>
          <Message>Web test failed by Web test code</Message>
        </ErrorInfo>
      </Output>
      <ResultFiles>
        <ResultFile path="AAArticleViewAndLoginTest Wpopulaarsedtest.webtestResult" />
      </ResultFiles>
      <TestSettings name="Local" id="82f58698-f45c-4a91-a385-93496e26ddf6">
        <Description>These are default test settings for a local test run.</Description>
        <Deployment runDeploymentRoot="HannesSaariste_UPTIME08658 2019-05-29 12_28_22">
          <DeploymentItem filename="C:\Users\HannesSaariste\source\repos\AP_Article_Web_Test\packages\Newtonsoft.Json.12.0.2\lib\net45\Newtonsoft.Json.dll" />
        </Deployment>
        <Execution hostProcessPlatform="MSIL">
          <TestTypeSpecific>
            <WebTestRunConfiguration testTypeId="4e7599fa-5ecb-43e9-a887-cd63cf72d207">
              <Browser name="Internet Explorer 9.0" MaxConnections="6">
                <Headers>
                  <Header name="User-Agent" value="Mozilla/5.0 (compatible; MSIE 9.0; Windows NT 6.1; Trident/5.0)" />
                  <Header name="Accept" value="*/*" />
                  <Header name="Accept-Language" value="{{$IEAcceptLanguage}}" />
                  <Header name="Accept-Encoding" value="GZIP" />
                </Headers>
              </Browser>
            </WebTestRunConfiguration>
          </TestTypeSpecific>
          <AgentRule name="Execution Agents">
          </AgentRule>
        </Execution>
        <Properties>
          <Property name="TestSettingsUIType" value="UnitTest" />
        </Properties>
      </TestSettings>
      <WebTestResultFilePath>HannesSaariste_UPTIME08658 2019-05-29 12_28_22\In\ab9a1f42-f7d4-475c-bd4c-c0d5d648c7b2\AAArticleViewAndLoginTest Wpopulaarsedtest.webtestResult</WebTestResultFilePath>
    </WebTestResult>
  </Results>
</TestRun>