<?xml version="1.0" encoding="UTF-8"?>
<TestRun id="d69a7be1-75b5-4e55-b5fc-75c7cdc59cdb" name="HannesSaariste@UPTIME08658 2019-05-24 08:37:09" runUser="AzureAD\HannesSaariste" xmlns="http://microsoft.com/schemas/VisualStudio/TeamTest/2010">
  <TestSettings name="Local" id="82f58698-f45c-4a91-a385-93496e26ddf6">
    <Description>These are default test settings for a local test run.</Description>
    <Deployment runDeploymentRoot="HannesSaariste_UPTIME08658 2019-05-24 08_37_09">
      <DeploymentItem filename="C:\Users\HannesSaariste\source\repos\AP_Article_Web_Test\packages\Newtonsoft.Json.12.0.2\lib\net45\Newtonsoft.Json.dll" />
    </Deployment>
    <Execution hostProcessPlatform="MSIL">
      <TestTypeSpecific />
      <AgentRule name="Execution Agents">
      </AgentRule>
    </Execution>
    <Properties>
      <Property name="TestSettingsUIType" value="UnitTest" />
    </Properties>
  </TestSettings>
  <Times creation="2019-05-24T08:37:09.2218943+03:00" queuing="2019-05-24T08:37:09.5078464+03:00" start="2019-05-24T08:37:09.5387627+03:00" finish="2019-05-24T08:37:31.5234457+03:00" />
  <ResultSummary outcome="Failed">
    <Counters total="1" executed="1" error="0" failed="1" timeout="0" aborted="0" inconclusive="0" passedButRunAborted="0" notRunnable="0" notExecuted="0" disconnected="0" warning="0" passed="0" completed="0" inProgress="0" pending="0" />
  </ResultSummary>
  <TestDefinitions>
    <CodedWebTest name="WpopulaarsedtestCoded" storage="c:\users\hannessaariste\source\repos\ap_article_web_test\ap_article_web_test\bin\debug\ap_article_web_test.dll" id="e7fb888a-5658-6e96-8cf1-f551d7397285">
      <Execution id="849f136c-9a92-45f4-afad-b623deba6df6" />
      <Properties>
        <Property>
          <Key>__Internal_IteratorTypeName__</Key>
          <Value>AP_Article_Web_Test.WpopulaarsedtestCoded+&lt;GetRequestEnumerator&gt;d__1</Value>
        </Property>
      </Properties>
      <WebTestClass assembly="AP_Article_Web_Test, Version=1.0.0.0, Culture=neutral, PublicKeyToken=null" namespace="AP_Article_Web_Test" class="WpopulaarsedtestCoded" />
    </CodedWebTest>
  </TestDefinitions>
  <TestLists>
    <TestList name="Results Not in a List" id="8c84fa94-04c1-424b-9868-57a2d4851a1d" />
    <TestList name="All Loaded Results" id="19431567-8539-422a-85d7-44ee4e166bda" />
  </TestLists>
  <TestEntries>
    <TestEntry isTransparent="false" testId="e7fb888a-5658-6e96-8cf1-f551d7397285" executionId="849f136c-9a92-45f4-afad-b623deba6df6" testListId="8c84fa94-04c1-424b-9868-57a2d4851a1d" />
  </TestEntries>
  <Results>
    <WebTestResult executionId="849f136c-9a92-45f4-afad-b623deba6df6" testId="e7fb888a-5658-6e96-8cf1-f551d7397285" testName="WpopulaarsedtestCoded" computerName="UPTIME08658" duration="00:00:11.2501005" startTime="2019-05-24T08:37:09.6325126+03:00" endTime="2019-05-24T08:37:31.4965164+03:00" testType="37e36796-fb51-4610-8d5c-e00ceaa68b9f" outcome="Failed" testListId="8c84fa94-04c1-424b-9868-57a2d4851a1d" relativeResultsDirectory="849f136c-9a92-45f4-afad-b623deba6df6">
      <Output>
        <ErrorInfo>
          <Message>1 primary requests, 0 dependant requests and 0 conditional rules failed</Message>
        </ErrorInfo>
      </Output>
      <ResultFiles>
        <ResultFile path="WpopulaarsedtestCoded.webtestResult" />
      </ResultFiles>
      <TestSettings name="Local" id="82f58698-f45c-4a91-a385-93496e26ddf6">
        <Description>These are default test settings for a local test run.</Description>
        <Deployment runDeploymentRoot="HannesSaariste_UPTIME08658 2019-05-24 08_37_09">
          <DeploymentItem filename="C:\Users\HannesSaariste\source\repos\AP_Article_Web_Test\packages\Newtonsoft.Json.12.0.2\lib\net45\Newtonsoft.Json.dll" />
        </Deployment>
        <Execution hostProcessPlatform="MSIL">
          <TestTypeSpecific>
            <WebTestRunConfiguration testTypeId="4e7599fa-5ecb-43e9-a887-cd63cf72d207">
              <Browser name="Internet Explorer 9.0" MaxConnections="6">
                <Headers>
                  <Header name="User-Agent" value="Mozilla/5.0 (compatible; MSIE 9.0; Windows NT 6.1; Trident/5.0)" />
                  <Header name="Accept" value="*/*" />
                  <Header name="Accept-Language" value="{{$IEAcceptLanguage}}" />
                  <Header name="Accept-Encoding" value="GZIP" />
                </Headers>
              </Browser>
            </WebTestRunConfiguration>
          </TestTypeSpecific>
          <AgentRule name="Execution Agents">
          </AgentRule>
        </Execution>
        <Properties>
          <Property name="TestSettingsUIType" value="UnitTest" />
        </Properties>
      </TestSettings>
      <WebTestResultFilePath>HannesSaariste_UPTIME08658 2019-05-24 08_37_09\In\849f136c-9a92-45f4-afad-b623deba6df6\WpopulaarsedtestCoded.webtestResult</WebTestResultFilePath>
    </WebTestResult>
  </Results>
</TestRun>