<?xml version="1.0" encoding="UTF-8"?>
<TestRun id="43f5340e-4e18-4ca4-99f1-3db3fcf5a171" name="HannesSaariste@UPTIME08658 2019-05-24 10:47:25" runUser="AzureAD\HannesSaariste" xmlns="http://microsoft.com/schemas/VisualStudio/TeamTest/2010">
  <TestSettings name="Local" id="82f58698-f45c-4a91-a385-93496e26ddf6">
    <Description>These are default test settings for a local test run.</Description>
    <Deployment runDeploymentRoot="HannesSaariste_UPTIME08658 2019-05-24 10_47_25">
      <DeploymentItem filename="C:\Users\HannesSaariste\source\repos\AP_Article_Web_Test\packages\Newtonsoft.Json.12.0.2\lib\net45\Newtonsoft.Json.dll" />
    </Deployment>
    <Execution hostProcessPlatform="MSIL">
      <TestTypeSpecific />
      <AgentRule name="Execution Agents">
      </AgentRule>
    </Execution>
    <Properties>
      <Property name="TestSettingsUIType" value="UnitTest" />
    </Properties>
  </TestSettings>
  <Times creation="2019-05-24T10:47:25.6608275+03:00" queuing="2019-05-24T10:47:25.8532457+03:00" start="2019-05-24T10:47:25.8980966+03:00" finish="2019-05-24T10:47:36.7543566+03:00" />
  <ResultSummary outcome="Completed">
    <Counters total="1" executed="1" passed="1" error="0" failed="0" timeout="0" aborted="0" inconclusive="0" passedButRunAborted="0" notRunnable="0" notExecuted="0" disconnected="0" warning="0" completed="0" inProgress="0" pending="0" />
  </ResultSummary>
  <TestDefinitions>
    <WebTest name="TestingTest" storage="c:\users\hannessaariste\source\repos\ap_article_web_test\ap_article_web_test\testingtest.webtest" id="f05d0e01-d1b3-45d8-a6b5-79252b9ad25b" persistedWebTest="77u/PD94bWwgdmVyc2lvbj0iMS4wIiBlbmNvZGluZz0iVVRGLTgiIHN0YW5kYWxvbmU9InllcyI/Pg0KPFdlYlRlc3QgTmFtZT0iVGVzdGluZ1Rlc3QiIElkPSJmMDVkMGUwMS1kMWIzLTQ1ZDgtYTZiNS03OTI1MmI5YWQyNWIiIE93bmVyPSIiIFByaW9yaXR5PSIyMTQ3NDgzNjQ3IiBFbmFibGVkPSJUcnVlIiBDc3NQcm9qZWN0U3RydWN0dXJlPSIiIENzc0l0ZXJhdGlvbj0iIiBUaW1lb3V0PSIwIiBXb3JrSXRlbUlkcz0iIiB4bWxucz0iaHR0cDovL21pY3Jvc29mdC5jb20vc2NoZW1hcy9WaXN1YWxTdHVkaW8vVGVhbVRlc3QvMjAxMCIgRGVzY3JpcHRpb249IiIgQ3JlZGVudGlhbFVzZXJOYW1lPSIiIENyZWRlbnRpYWxQYXNzd29yZD0iIiBQcmVBdXRoZW50aWNhdGU9IlRydWUiIFByb3h5PSJkZWZhdWx0IiBTdG9wT25FcnJvcj0iRmFsc2UiIFJlY29yZGVkUmVzdWx0RmlsZT0iIiBSZXN1bHRzTG9jYWxlPSIiPg0KICA8SXRlbXM+DQogICAgPFJlcXVlc3QgTWV0aG9kPSJHRVQiIEd1aWQ9IjAyNzk1MTk5LTEzOTUtNDJlNi05MmM3LWU2N2YzMTMyM2IwMCIgVmVyc2lvbj0iMS4xIiBVcmw9Imh0dHBzOi8vbGlzdGFwaS5hcmlwYWV2LmVlL3YxL21vc3Qtdmlld2VkIiBUaGlua1RpbWU9IjAiIFRpbWVvdXQ9IjMwMCIgUGFyc2VEZXBlbmRlbnRSZXF1ZXN0cz0iVHJ1ZSIgRm9sbG93UmVkaXJlY3RzPSJUcnVlIiBSZWNvcmRSZXN1bHQ9IlRydWUiIENhY2hlPSJGYWxzZSIgUmVzcG9uc2VUaW1lR29hbD0iMCIgRW5jb2Rpbmc9InV0Zi04IiBFeHBlY3RlZEh0dHBTdGF0dXNDb2RlPSIwIiBFeHBlY3RlZFJlc3BvbnNlVXJsPSIiIFJlcG9ydGluZ05hbWU9IiIgSWdub3JlSHR0cFN0YXR1c0NvZGU9IkZhbHNlIj4NCiAgICAgIDxIZWFkZXJzPg0KICAgICAgICA8SGVhZGVyIE5hbWU9IlgtQ2hhbm5lbC1JZCIgVmFsdWU9ImFyaXBhZXYiIC8+DQogICAgICAgIDxIZWFkZXIgTmFtZT0iQ29udGVudFR5cGUiIFZhbHVlPSJhcHBsaWNhdGlvbi9qc29uIiAvPg0KICAgICAgPC9IZWFkZXJzPg0KICAgICAgPFF1ZXJ5U3RyaW5nUGFyYW1ldGVycz4NCiAgICAgICAgPFF1ZXJ5U3RyaW5nUGFyYW1ldGVyIE5hbWU9InBlcmlvZCIgVmFsdWU9IjFfZGF5IiBSZWNvcmRlZFZhbHVlPSIiIENvcnJlbGF0aW9uQmluZGluZz0iIiBVcmxFbmNvZGU9IkZhbHNlIiBVc2VUb0dyb3VwUmVzdWx0cz0iRmFsc2UiIC8+DQogICAgICA8L1F1ZXJ5U3RyaW5nUGFyYW1ldGVycz4NCiAgICA8L1JlcXVlc3Q+DQogIDwvSXRlbXM+DQo8L1dlYlRlc3Q+">
      <Execution id="90ffbb18-bc1f-4944-8644-d6d246121849" />
    </WebTest>
  </TestDefinitions>
  <TestLists>
    <TestList name="Results Not in a List" id="8c84fa94-04c1-424b-9868-57a2d4851a1d" />
    <TestList name="All Loaded Results" id="19431567-8539-422a-85d7-44ee4e166bda" />
  </TestLists>
  <TestEntries>
    <TestEntry isTransparent="false" testId="f05d0e01-d1b3-45d8-a6b5-79252b9ad25b" executionId="90ffbb18-bc1f-4944-8644-d6d246121849" testListId="8c84fa94-04c1-424b-9868-57a2d4851a1d" />
  </TestEntries>
  <Results>
    <WebTestResult executionId="90ffbb18-bc1f-4944-8644-d6d246121849" testId="f05d0e01-d1b3-45d8-a6b5-79252b9ad25b" testName="TestingTest" computerName="UPTIME08658" duration="00:00:00.1558923" startTime="2019-05-24T10:47:26.0058084+03:00" endTime="2019-05-24T10:47:36.7354068+03:00" testType="4e7599fa-5ecb-43e9-a887-cd63cf72d207" outcome="Passed" testListId="8c84fa94-04c1-424b-9868-57a2d4851a1d" relativeResultsDirectory="90ffbb18-bc1f-4944-8644-d6d246121849">
      <ResultFiles>
        <ResultFile path="TestingTest.webtestResult" />
      </ResultFiles>
      <TestSettings name="Local" id="82f58698-f45c-4a91-a385-93496e26ddf6">
        <Description>These are default test settings for a local test run.</Description>
        <Deployment runDeploymentRoot="HannesSaariste_UPTIME08658 2019-05-24 10_47_25">
          <DeploymentItem filename="C:\Users\HannesSaariste\source\repos\AP_Article_Web_Test\packages\Newtonsoft.Json.12.0.2\lib\net45\Newtonsoft.Json.dll" />
        </Deployment>
        <Execution hostProcessPlatform="MSIL">
          <TestTypeSpecific>
            <WebTestRunConfiguration testTypeId="4e7599fa-5ecb-43e9-a887-cd63cf72d207">
              <Browser name="Internet Explorer 9.0" MaxConnections="6">
                <Headers>
                  <Header name="User-Agent" value="Mozilla/5.0 (compatible; MSIE 9.0; Windows NT 6.1; Trident/5.0)" />
                  <Header name="Accept" value="*/*" />
                  <Header name="Accept-Language" value="{{$IEAcceptLanguage}}" />
                  <Header name="Accept-Encoding" value="GZIP" />
                </Headers>
              </Browser>
            </WebTestRunConfiguration>
          </TestTypeSpecific>
          <AgentRule name="Execution Agents">
          </AgentRule>
        </Execution>
        <Properties>
          <Property name="TestSettingsUIType" value="UnitTest" />
        </Properties>
      </TestSettings>
      <WebTestResultFilePath>HannesSaariste_UPTIME08658 2019-05-24 10_47_25\In\90ffbb18-bc1f-4944-8644-d6d246121849\TestingTest.webtestResult</WebTestResultFilePath>
    </WebTestResult>
  </Results>
</TestRun>